{"/home/am/Dev/durhack-25/frontend/src/App.vue": {"path":"/home/am/Dev/durhack-25/frontend/src/App.vue","all":false,"statementMap":{"0":{"start":{"line":1,"column":0},"end":{"line":1,"column":10}},"1":{"start":{"line":2,"column":0},"end":{"line":2,"column":16}},"2":{"start":{"line":3,"column":0},"end":{"line":3,"column":19}},"3":{"start":{"line":4,"column":0},"end":{"line":4,"column":8}},"4":{"start":{"line":5,"column":0},"end":{"line":5,"column":11}},"5":{"start":{"line":6,"column":0},"end":{"line":6,"column":0}},"6":{"start":{"line":7,"column":0},"end":{"line":7,"column":8}},"7":{"start":{"line":8,"column":0},"end":{"line":8,"column":16}},"8":{"start":{"line":9,"column":0},"end":{"line":9,"column":13}},"9":{"start":{"line":10,"column":0},"end":{"line":10,"column":1}},"10":{"start":{"line":11,"column":0},"end":{"line":11,"column":9}},"11":{"start":{"line":12,"column":0},"end":{"line":12,"column":0}},"12":{"start":{"line":13,"column":0},"end":{"line":13,"column":7}},"13":{"start":{"line":14,"column":0},"end":{"line":14,"column":6}},"14":{"start":{"line":15,"column":0},"end":{"line":15,"column":20}},"15":{"start":{"line":16,"column":0},"end":{"line":16,"column":1}},"16":{"start":{"line":17,"column":0},"end":{"line":17,"column":8}}},"s":{"0":1,"1":1,"2":1,"3":1,"4":1,"5":1,"6":1,"7":1,"8":1,"9":1,"10":1,"11":1,"12":1,"13":1,"14":1,"15":1,"16":1},"branchMap":{},"b":{},"fnMap":{},"f":{}}
,"/home/am/Dev/durhack-25/frontend/src/pages/admin/AdminPage.vue": {"path":"/home/am/Dev/durhack-25/frontend/src/pages/admin/AdminPage.vue","all":false,"statementMap":{"0":{"start":{"line":1,"column":0},"end":{"line":1,"column":10}},"1":{"start":{"line":2,"column":0},"end":{"line":2,"column":30}},"2":{"start":{"line":3,"column":0},"end":{"line":3,"column":35}},"3":{"start":{"line":4,"column":0},"end":{"line":4,"column":26}},"4":{"start":{"line":5,"column":0},"end":{"line":5,"column":74}},"5":{"start":{"line":6,"column":0},"end":{"line":6,"column":29}},"6":{"start":{"line":7,"column":0},"end":{"line":7,"column":12}},"7":{"start":{"line":8,"column":0},"end":{"line":8,"column":0}},"8":{"start":{"line":9,"column":0},"end":{"line":9,"column":38}},"9":{"start":{"line":10,"column":0},"end":{"line":10,"column":30}},"10":{"start":{"line":11,"column":0},"end":{"line":11,"column":62}},"11":{"start":{"line":12,"column":0},"end":{"line":12,"column":0}},"12":{"start":{"line":13,"column":0},"end":{"line":13,"column":34}},"13":{"start":{"line":14,"column":0},"end":{"line":14,"column":70}},"14":{"start":{"line":15,"column":0},"end":{"line":15,"column":16}},"15":{"start":{"line":16,"column":0},"end":{"line":16,"column":31}},"16":{"start":{"line":17,"column":0},"end":{"line":17,"column":40}},"17":{"start":{"line":18,"column":0},"end":{"line":18,"column":23}},"18":{"start":{"line":19,"column":0},"end":{"line":19,"column":68}},"19":{"start":{"line":20,"column":0},"end":{"line":20,"column":32}},"20":{"start":{"line":21,"column":0},"end":{"line":21,"column":12}},"21":{"start":{"line":22,"column":0},"end":{"line":22,"column":14}},"22":{"start":{"line":23,"column":0},"end":{"line":23,"column":0}},"23":{"start":{"line":24,"column":0},"end":{"line":24,"column":83}},"24":{"start":{"line":25,"column":0},"end":{"line":25,"column":76}},"25":{"start":{"line":26,"column":0},"end":{"line":26,"column":111}},"26":{"start":{"line":27,"column":0},"end":{"line":27,"column":40}},"27":{"start":{"line":28,"column":0},"end":{"line":28,"column":14}},"28":{"start":{"line":29,"column":0},"end":{"line":29,"column":80}},"29":{"start":{"line":30,"column":0},"end":{"line":30,"column":46}},"30":{"start":{"line":31,"column":0},"end":{"line":31,"column":14}},"31":{"start":{"line":32,"column":0},"end":{"line":32,"column":41}},"32":{"start":{"line":33,"column":0},"end":{"line":33,"column":93}},"33":{"start":{"line":34,"column":0},"end":{"line":34,"column":39}},"34":{"start":{"line":35,"column":0},"end":{"line":35,"column":41}},"35":{"start":{"line":36,"column":0},"end":{"line":36,"column":85}},"36":{"start":{"line":37,"column":0},"end":{"line":37,"column":69}},"37":{"start":{"line":38,"column":0},"end":{"line":38,"column":30}},"38":{"start":{"line":39,"column":0},"end":{"line":39,"column":106}},"39":{"start":{"line":40,"column":0},"end":{"line":40,"column":20}},"40":{"start":{"line":41,"column":0},"end":{"line":41,"column":41}},"41":{"start":{"line":42,"column":0},"end":{"line":42,"column":125}},"42":{"start":{"line":43,"column":0},"end":{"line":43,"column":80}},"43":{"start":{"line":44,"column":0},"end":{"line":44,"column":20}},"44":{"start":{"line":45,"column":0},"end":{"line":45,"column":18}},"45":{"start":{"line":46,"column":0},"end":{"line":46,"column":0}},"46":{"start":{"line":47,"column":0},"end":{"line":47,"column":62}},"47":{"start":{"line":48,"column":0},"end":{"line":48,"column":0}},"48":{"start":{"line":49,"column":0},"end":{"line":49,"column":37}},"49":{"start":{"line":50,"column":0},"end":{"line":50,"column":87}},"50":{"start":{"line":51,"column":0},"end":{"line":51,"column":46}},"51":{"start":{"line":52,"column":0},"end":{"line":52,"column":21}},"52":{"start":{"line":53,"column":0},"end":{"line":53,"column":97}},"53":{"start":{"line":54,"column":0},"end":{"line":54,"column":18}},"54":{"start":{"line":55,"column":0},"end":{"line":55,"column":0}},"55":{"start":{"line":56,"column":0},"end":{"line":56,"column":40}},"56":{"start":{"line":57,"column":0},"end":{"line":57,"column":117}},"57":{"start":{"line":58,"column":0},"end":{"line":58,"column":24}},"58":{"start":{"line":59,"column":0},"end":{"line":59,"column":23}},"59":{"start":{"line":60,"column":0},"end":{"line":60,"column":117}},"60":{"start":{"line":61,"column":0},"end":{"line":61,"column":24}},"61":{"start":{"line":62,"column":0},"end":{"line":62,"column":23}},"62":{"start":{"line":63,"column":0},"end":{"line":63,"column":18}},"63":{"start":{"line":64,"column":0},"end":{"line":64,"column":16}},"64":{"start":{"line":65,"column":0},"end":{"line":65,"column":14}},"65":{"start":{"line":66,"column":0},"end":{"line":66,"column":12}},"66":{"start":{"line":67,"column":0},"end":{"line":67,"column":0}},"67":{"start":{"line":68,"column":0},"end":{"line":68,"column":39}},"68":{"start":{"line":69,"column":0},"end":{"line":69,"column":30}},"69":{"start":{"line":70,"column":0},"end":{"line":70,"column":33}},"70":{"start":{"line":71,"column":0},"end":{"line":71,"column":0}},"71":{"start":{"line":72,"column":0},"end":{"line":72,"column":34}},"72":{"start":{"line":73,"column":0},"end":{"line":73,"column":72}},"73":{"start":{"line":74,"column":0},"end":{"line":74,"column":16}},"74":{"start":{"line":75,"column":0},"end":{"line":75,"column":32}},"75":{"start":{"line":76,"column":0},"end":{"line":76,"column":41}},"76":{"start":{"line":77,"column":0},"end":{"line":77,"column":23}},"77":{"start":{"line":78,"column":0},"end":{"line":78,"column":68}},"78":{"start":{"line":79,"column":0},"end":{"line":79,"column":32}},"79":{"start":{"line":80,"column":0},"end":{"line":80,"column":12}},"80":{"start":{"line":81,"column":0},"end":{"line":81,"column":14}},"81":{"start":{"line":82,"column":0},"end":{"line":82,"column":0}},"82":{"start":{"line":83,"column":0},"end":{"line":83,"column":85}},"83":{"start":{"line":84,"column":0},"end":{"line":84,"column":78}},"84":{"start":{"line":85,"column":0},"end":{"line":85,"column":113}},"85":{"start":{"line":86,"column":0},"end":{"line":86,"column":29}},"86":{"start":{"line":87,"column":0},"end":{"line":87,"column":14}},"87":{"start":{"line":88,"column":0},"end":{"line":88,"column":81}},"88":{"start":{"line":89,"column":0},"end":{"line":89,"column":47}},"89":{"start":{"line":90,"column":0},"end":{"line":90,"column":14}},"90":{"start":{"line":91,"column":0},"end":{"line":91,"column":41}},"91":{"start":{"line":92,"column":0},"end":{"line":92,"column":103}},"92":{"start":{"line":93,"column":0},"end":{"line":93,"column":39}},"93":{"start":{"line":94,"column":0},"end":{"line":94,"column":41}},"94":{"start":{"line":95,"column":0},"end":{"line":95,"column":85}},"95":{"start":{"line":96,"column":0},"end":{"line":96,"column":69}},"96":{"start":{"line":97,"column":0},"end":{"line":97,"column":30}},"97":{"start":{"line":98,"column":0},"end":{"line":98,"column":106}},"98":{"start":{"line":99,"column":0},"end":{"line":99,"column":20}},"99":{"start":{"line":100,"column":0},"end":{"line":100,"column":41}},"100":{"start":{"line":101,"column":0},"end":{"line":101,"column":125}},"101":{"start":{"line":102,"column":0},"end":{"line":102,"column":80}},"102":{"start":{"line":103,"column":0},"end":{"line":103,"column":20}},"103":{"start":{"line":104,"column":0},"end":{"line":104,"column":18}},"104":{"start":{"line":105,"column":0},"end":{"line":105,"column":0}},"105":{"start":{"line":106,"column":0},"end":{"line":106,"column":62}},"106":{"start":{"line":107,"column":0},"end":{"line":107,"column":0}},"107":{"start":{"line":108,"column":0},"end":{"line":108,"column":37}},"108":{"start":{"line":109,"column":0},"end":{"line":109,"column":97}},"109":{"start":{"line":110,"column":0},"end":{"line":110,"column":18}},"110":{"start":{"line":111,"column":0},"end":{"line":111,"column":16}},"111":{"start":{"line":112,"column":0},"end":{"line":112,"column":14}},"112":{"start":{"line":113,"column":0},"end":{"line":113,"column":12}},"113":{"start":{"line":114,"column":0},"end":{"line":114,"column":0}},"114":{"start":{"line":115,"column":0},"end":{"line":115,"column":33}},"115":{"start":{"line":116,"column":0},"end":{"line":116,"column":30}},"116":{"start":{"line":117,"column":0},"end":{"line":117,"column":51}},"117":{"start":{"line":118,"column":0},"end":{"line":118,"column":39}},"118":{"start":{"line":119,"column":0},"end":{"line":119,"column":115}},"119":{"start":{"line":120,"column":0},"end":{"line":120,"column":12}},"120":{"start":{"line":121,"column":0},"end":{"line":121,"column":0}},"121":{"start":{"line":122,"column":0},"end":{"line":122,"column":36}},"122":{"start":{"line":123,"column":0},"end":{"line":123,"column":42}},"123":{"start":{"line":124,"column":0},"end":{"line":124,"column":18}},"124":{"start":{"line":125,"column":0},"end":{"line":125,"column":25}},"125":{"start":{"line":126,"column":0},"end":{"line":126,"column":27}},"126":{"start":{"line":127,"column":0},"end":{"line":127,"column":29}},"127":{"start":{"line":128,"column":0},"end":{"line":128,"column":40}},"128":{"start":{"line":129,"column":0},"end":{"line":129,"column":27}},"129":{"start":{"line":130,"column":0},"end":{"line":130,"column":32}},"130":{"start":{"line":131,"column":0},"end":{"line":131,"column":14}},"131":{"start":{"line":132,"column":0},"end":{"line":132,"column":53}},"132":{"start":{"line":133,"column":0},"end":{"line":133,"column":63}},"133":{"start":{"line":134,"column":0},"end":{"line":134,"column":57}},"134":{"start":{"line":135,"column":0},"end":{"line":135,"column":20}},"135":{"start":{"line":136,"column":0},"end":{"line":136,"column":16}},"136":{"start":{"line":137,"column":0},"end":{"line":137,"column":0}},"137":{"start":{"line":138,"column":0},"end":{"line":138,"column":17}},"138":{"start":{"line":139,"column":0},"end":{"line":139,"column":30}},"139":{"start":{"line":140,"column":0},"end":{"line":140,"column":53}},"140":{"start":{"line":141,"column":0},"end":{"line":141,"column":30}},"141":{"start":{"line":142,"column":0},"end":{"line":142,"column":11}},"142":{"start":{"line":143,"column":0},"end":{"line":143,"column":72}},"143":{"start":{"line":144,"column":0},"end":{"line":144,"column":19}},"144":{"start":{"line":145,"column":0},"end":{"line":145,"column":14}},"145":{"start":{"line":146,"column":0},"end":{"line":146,"column":0}},"146":{"start":{"line":147,"column":0},"end":{"line":147,"column":82}},"147":{"start":{"line":148,"column":0},"end":{"line":148,"column":90}},"148":{"start":{"line":149,"column":0},"end":{"line":149,"column":0}},"149":{"start":{"line":150,"column":0},"end":{"line":150,"column":55}},"150":{"start":{"line":151,"column":0},"end":{"line":151,"column":34}},"151":{"start":{"line":152,"column":0},"end":{"line":152,"column":38}},"152":{"start":{"line":153,"column":0},"end":{"line":153,"column":82}},"153":{"start":{"line":154,"column":0},"end":{"line":154,"column":83}},"154":{"start":{"line":155,"column":0},"end":{"line":155,"column":94}},"155":{"start":{"line":156,"column":0},"end":{"line":156,"column":53}},"156":{"start":{"line":157,"column":0},"end":{"line":157,"column":52}},"157":{"start":{"line":158,"column":0},"end":{"line":158,"column":39}},"158":{"start":{"line":159,"column":0},"end":{"line":159,"column":95}},"159":{"start":{"line":160,"column":0},"end":{"line":160,"column":93}},"160":{"start":{"line":161,"column":0},"end":{"line":161,"column":21}},"161":{"start":{"line":162,"column":0},"end":{"line":162,"column":19}},"162":{"start":{"line":163,"column":0},"end":{"line":163,"column":18}},"163":{"start":{"line":164,"column":0},"end":{"line":164,"column":16}},"164":{"start":{"line":165,"column":0},"end":{"line":165,"column":36}},"165":{"start":{"line":166,"column":0},"end":{"line":166,"column":44}},"166":{"start":{"line":167,"column":0},"end":{"line":167,"column":66}},"167":{"start":{"line":168,"column":0},"end":{"line":168,"column":20}},"168":{"start":{"line":169,"column":0},"end":{"line":169,"column":14}},"169":{"start":{"line":170,"column":0},"end":{"line":170,"column":12}},"170":{"start":{"line":171,"column":0},"end":{"line":171,"column":10}},"171":{"start":{"line":172,"column":0},"end":{"line":172,"column":8}},"172":{"start":{"line":173,"column":0},"end":{"line":173,"column":11}},"173":{"start":{"line":174,"column":0},"end":{"line":174,"column":0}},"174":{"start":{"line":175,"column":0},"end":{"line":175,"column":8}},"175":{"start":{"line":176,"column":0},"end":{"line":176,"column":46}},"176":{"start":{"line":177,"column":0},"end":{"line":177,"column":31}},"177":{"start":{"line":178,"column":0},"end":{"line":178,"column":0}},"178":{"start":{"line":179,"column":0},"end":{"line":179,"column":16}},"179":{"start":{"line":180,"column":0},"end":{"line":180,"column":20}},"180":{"start":{"line":181,"column":0},"end":{"line":181,"column":11}},"181":{"start":{"line":182,"column":0},"end":{"line":182,"column":34}},"182":{"start":{"line":183,"column":0},"end":{"line":183,"column":35}},"183":{"start":{"line":184,"column":0},"end":{"line":184,"column":37}},"184":{"start":{"line":185,"column":0},"end":{"line":185,"column":38}},"185":{"start":{"line":186,"column":0},"end":{"line":186,"column":34}},"186":{"start":{"line":187,"column":0},"end":{"line":187,"column":35}},"187":{"start":{"line":188,"column":0},"end":{"line":188,"column":38}},"188":{"start":{"line":189,"column":0},"end":{"line":189,"column":38}},"189":{"start":{"line":190,"column":0},"end":{"line":190,"column":39}},"190":{"start":{"line":191,"column":0},"end":{"line":191,"column":0}},"191":{"start":{"line":192,"column":0},"end":{"line":192,"column":23}},"192":{"start":{"line":193,"column":0},"end":{"line":193,"column":34}},"193":{"start":{"line":194,"column":0},"end":{"line":194,"column":31}},"194":{"start":{"line":195,"column":0},"end":{"line":195,"column":35}},"195":{"start":{"line":196,"column":0},"end":{"line":196,"column":33}},"196":{"start":{"line":197,"column":0},"end":{"line":197,"column":35}},"197":{"start":{"line":198,"column":0},"end":{"line":198,"column":34}},"198":{"start":{"line":199,"column":0},"end":{"line":199,"column":0}},"199":{"start":{"line":200,"column":0},"end":{"line":200,"column":42}},"200":{"start":{"line":201,"column":0},"end":{"line":201,"column":36}},"201":{"start":{"line":202,"column":0},"end":{"line":202,"column":34}},"202":{"start":{"line":203,"column":0},"end":{"line":203,"column":82}},"203":{"start":{"line":204,"column":0},"end":{"line":204,"column":5}},"204":{"start":{"line":205,"column":0},"end":{"line":205,"column":0}},"205":{"start":{"line":206,"column":0},"end":{"line":206,"column":51}},"206":{"start":{"line":207,"column":0},"end":{"line":207,"column":45}},"207":{"start":{"line":208,"column":0},"end":{"line":208,"column":35}},"208":{"start":{"line":209,"column":0},"end":{"line":209,"column":7}},"209":{"start":{"line":210,"column":0},"end":{"line":210,"column":0}},"210":{"start":{"line":211,"column":0},"end":{"line":211,"column":59}},"211":{"start":{"line":212,"column":0},"end":{"line":212,"column":50}},"212":{"start":{"line":213,"column":0},"end":{"line":213,"column":60}},"213":{"start":{"line":214,"column":0},"end":{"line":214,"column":60}},"214":{"start":{"line":215,"column":0},"end":{"line":215,"column":53}},"215":{"start":{"line":216,"column":0},"end":{"line":216,"column":7}},"216":{"start":{"line":217,"column":0},"end":{"line":217,"column":6}},"217":{"start":{"line":218,"column":0},"end":{"line":218,"column":0}},"218":{"start":{"line":219,"column":0},"end":{"line":219,"column":52}},"219":{"start":{"line":220,"column":0},"end":{"line":220,"column":46}},"220":{"start":{"line":221,"column":0},"end":{"line":221,"column":36}},"221":{"start":{"line":222,"column":0},"end":{"line":222,"column":7}},"222":{"start":{"line":223,"column":0},"end":{"line":223,"column":0}},"223":{"start":{"line":224,"column":0},"end":{"line":224,"column":60}},"224":{"start":{"line":225,"column":0},"end":{"line":225,"column":51}},"225":{"start":{"line":226,"column":0},"end":{"line":226,"column":60}},"226":{"start":{"line":227,"column":0},"end":{"line":227,"column":60}},"227":{"start":{"line":228,"column":0},"end":{"line":228,"column":53}},"228":{"start":{"line":229,"column":0},"end":{"line":229,"column":7}},"229":{"start":{"line":230,"column":0},"end":{"line":230,"column":6}},"230":{"start":{"line":231,"column":0},"end":{"line":231,"column":0}},"231":{"start":{"line":232,"column":0},"end":{"line":232,"column":45}},"232":{"start":{"line":233,"column":0},"end":{"line":233,"column":33}},"233":{"start":{"line":234,"column":0},"end":{"line":234,"column":31}},"234":{"start":{"line":235,"column":0},"end":{"line":235,"column":0}},"235":{"start":{"line":236,"column":0},"end":{"line":236,"column":11}},"236":{"start":{"line":237,"column":0},"end":{"line":237,"column":68}},"237":{"start":{"line":238,"column":0},"end":{"line":238,"column":27}},"238":{"start":{"line":239,"column":0},"end":{"line":239,"column":60}},"239":{"start":{"line":240,"column":0},"end":{"line":240,"column":9}},"240":{"start":{"line":241,"column":0},"end":{"line":241,"column":42}},"241":{"start":{"line":242,"column":0},"end":{"line":242,"column":49}},"242":{"start":{"line":243,"column":0},"end":{"line":243,"column":21}},"243":{"start":{"line":244,"column":0},"end":{"line":244,"column":40}},"244":{"start":{"line":245,"column":0},"end":{"line":245,"column":61}},"245":{"start":{"line":246,"column":0},"end":{"line":246,"column":17}},"246":{"start":{"line":247,"column":0},"end":{"line":247,"column":36}},"247":{"start":{"line":248,"column":0},"end":{"line":248,"column":7}},"248":{"start":{"line":249,"column":0},"end":{"line":249,"column":5}},"249":{"start":{"line":250,"column":0},"end":{"line":250,"column":0}},"250":{"start":{"line":251,"column":0},"end":{"line":251,"column":46}},"251":{"start":{"line":252,"column":0},"end":{"line":252,"column":34}},"252":{"start":{"line":253,"column":0},"end":{"line":253,"column":32}},"253":{"start":{"line":254,"column":0},"end":{"line":254,"column":0}},"254":{"start":{"line":255,"column":0},"end":{"line":255,"column":11}},"255":{"start":{"line":256,"column":0},"end":{"line":256,"column":69}},"256":{"start":{"line":257,"column":0},"end":{"line":257,"column":27}},"257":{"start":{"line":258,"column":0},"end":{"line":258,"column":61}},"258":{"start":{"line":259,"column":0},"end":{"line":259,"column":9}},"259":{"start":{"line":260,"column":0},"end":{"line":260,"column":42}},"260":{"start":{"line":261,"column":0},"end":{"line":261,"column":50}},"261":{"start":{"line":262,"column":0},"end":{"line":262,"column":21}},"262":{"start":{"line":263,"column":0},"end":{"line":263,"column":41}},"263":{"start":{"line":264,"column":0},"end":{"line":264,"column":62}},"264":{"start":{"line":265,"column":0},"end":{"line":265,"column":17}},"265":{"start":{"line":266,"column":0},"end":{"line":266,"column":37}},"266":{"start":{"line":267,"column":0},"end":{"line":267,"column":7}},"267":{"start":{"line":268,"column":0},"end":{"line":268,"column":5}},"268":{"start":{"line":269,"column":0},"end":{"line":269,"column":0}},"269":{"start":{"line":270,"column":0},"end":{"line":270,"column":46}},"270":{"start":{"line":271,"column":0},"end":{"line":271,"column":59}},"271":{"start":{"line":272,"column":0},"end":{"line":272,"column":14}},"272":{"start":{"line":273,"column":0},"end":{"line":273,"column":7}},"273":{"start":{"line":274,"column":0},"end":{"line":274,"column":0}},"274":{"start":{"line":275,"column":0},"end":{"line":275,"column":39}},"275":{"start":{"line":276,"column":0},"end":{"line":276,"column":0}},"276":{"start":{"line":277,"column":0},"end":{"line":277,"column":11}},"277":{"start":{"line":278,"column":0},"end":{"line":278,"column":77}},"278":{"start":{"line":279,"column":0},"end":{"line":279,"column":24}},"279":{"start":{"line":280,"column":0},"end":{"line":280,"column":10}},"280":{"start":{"line":281,"column":0},"end":{"line":281,"column":0}},"281":{"start":{"line":282,"column":0},"end":{"line":282,"column":27}},"282":{"start":{"line":283,"column":0},"end":{"line":283,"column":52}},"283":{"start":{"line":284,"column":0},"end":{"line":284,"column":9}},"284":{"start":{"line":285,"column":0},"end":{"line":285,"column":0}},"285":{"start":{"line":286,"column":0},"end":{"line":286,"column":35}},"286":{"start":{"line":287,"column":0},"end":{"line":287,"column":82}},"287":{"start":{"line":288,"column":0},"end":{"line":288,"column":0}},"288":{"start":{"line":289,"column":0},"end":{"line":289,"column":60}},"289":{"start":{"line":290,"column":0},"end":{"line":290,"column":21}},"290":{"start":{"line":291,"column":0},"end":{"line":291,"column":53}},"291":{"start":{"line":292,"column":0},"end":{"line":292,"column":40}},"292":{"start":{"line":293,"column":0},"end":{"line":293,"column":17}},"293":{"start":{"line":294,"column":0},"end":{"line":294,"column":37}},"294":{"start":{"line":295,"column":0},"end":{"line":295,"column":7}},"295":{"start":{"line":296,"column":0},"end":{"line":296,"column":5}},"296":{"start":{"line":297,"column":0},"end":{"line":297,"column":0}},"297":{"start":{"line":298,"column":0},"end":{"line":298,"column":46}},"298":{"start":{"line":299,"column":0},"end":{"line":299,"column":83}},"299":{"start":{"line":300,"column":0},"end":{"line":300,"column":14}},"300":{"start":{"line":301,"column":0},"end":{"line":301,"column":7}},"301":{"start":{"line":302,"column":0},"end":{"line":302,"column":0}},"302":{"start":{"line":303,"column":0},"end":{"line":303,"column":39}},"303":{"start":{"line":304,"column":0},"end":{"line":304,"column":0}},"304":{"start":{"line":305,"column":0},"end":{"line":305,"column":11}},"305":{"start":{"line":306,"column":0},"end":{"line":306,"column":77}},"306":{"start":{"line":307,"column":0},"end":{"line":307,"column":24}},"307":{"start":{"line":308,"column":0},"end":{"line":308,"column":10}},"308":{"start":{"line":309,"column":0},"end":{"line":309,"column":0}},"309":{"start":{"line":310,"column":0},"end":{"line":310,"column":27}},"310":{"start":{"line":311,"column":0},"end":{"line":311,"column":52}},"311":{"start":{"line":312,"column":0},"end":{"line":312,"column":9}},"312":{"start":{"line":313,"column":0},"end":{"line":313,"column":0}},"313":{"start":{"line":314,"column":0},"end":{"line":314,"column":40}},"314":{"start":{"line":315,"column":0},"end":{"line":315,"column":72}},"315":{"start":{"line":316,"column":0},"end":{"line":316,"column":21}},"316":{"start":{"line":317,"column":0},"end":{"line":317,"column":84}},"317":{"start":{"line":318,"column":0},"end":{"line":318,"column":47}},"318":{"start":{"line":319,"column":0},"end":{"line":319,"column":9}},"319":{"start":{"line":320,"column":0},"end":{"line":320,"column":0}},"320":{"start":{"line":321,"column":0},"end":{"line":321,"column":46}},"321":{"start":{"line":322,"column":0},"end":{"line":322,"column":21}},"322":{"start":{"line":323,"column":0},"end":{"line":323,"column":53}},"323":{"start":{"line":324,"column":0},"end":{"line":324,"column":40}},"324":{"start":{"line":325,"column":0},"end":{"line":325,"column":17}},"325":{"start":{"line":326,"column":0},"end":{"line":326,"column":37}},"326":{"start":{"line":327,"column":0},"end":{"line":327,"column":7}},"327":{"start":{"line":328,"column":0},"end":{"line":328,"column":5}},"328":{"start":{"line":329,"column":0},"end":{"line":329,"column":0}},"329":{"start":{"line":330,"column":0},"end":{"line":330,"column":41}},"330":{"start":{"line":331,"column":0},"end":{"line":331,"column":40}},"331":{"start":{"line":332,"column":0},"end":{"line":332,"column":52}},"332":{"start":{"line":333,"column":0},"end":{"line":333,"column":33}},"333":{"start":{"line":334,"column":0},"end":{"line":334,"column":32}},"334":{"start":{"line":335,"column":0},"end":{"line":335,"column":34}},"335":{"start":{"line":336,"column":0},"end":{"line":336,"column":33}},"336":{"start":{"line":337,"column":0},"end":{"line":337,"column":14}},"337":{"start":{"line":338,"column":0},"end":{"line":338,"column":60}},"338":{"start":{"line":339,"column":0},"end":{"line":339,"column":33}},"339":{"start":{"line":340,"column":0},"end":{"line":340,"column":7}},"340":{"start":{"line":341,"column":0},"end":{"line":341,"column":5}},"341":{"start":{"line":342,"column":0},"end":{"line":342,"column":0}},"342":{"start":{"line":343,"column":0},"end":{"line":343,"column":35}},"343":{"start":{"line":344,"column":0},"end":{"line":344,"column":37}},"344":{"start":{"line":345,"column":0},"end":{"line":345,"column":0}},"345":{"start":{"line":346,"column":0},"end":{"line":346,"column":31}},"346":{"start":{"line":347,"column":0},"end":{"line":347,"column":30}},"347":{"start":{"line":348,"column":0},"end":{"line":348,"column":32}},"348":{"start":{"line":349,"column":0},"end":{"line":349,"column":31}},"349":{"start":{"line":350,"column":0},"end":{"line":350,"column":0}},"350":{"start":{"line":351,"column":0},"end":{"line":351,"column":11}},"351":{"start":{"line":352,"column":0},"end":{"line":352,"column":39}},"352":{"start":{"line":353,"column":0},"end":{"line":353,"column":50}},"353":{"start":{"line":354,"column":0},"end":{"line":354,"column":0}},"354":{"start":{"line":355,"column":0},"end":{"line":355,"column":72}},"355":{"start":{"line":356,"column":0},"end":{"line":356,"column":25}},"356":{"start":{"line":357,"column":0},"end":{"line":357,"column":24}},"357":{"start":{"line":358,"column":0},"end":{"line":358,"column":10}},"358":{"start":{"line":359,"column":0},"end":{"line":359,"column":0}},"359":{"start":{"line":360,"column":0},"end":{"line":360,"column":27}},"360":{"start":{"line":361,"column":0},"end":{"line":361,"column":49}},"361":{"start":{"line":362,"column":0},"end":{"line":362,"column":80}},"362":{"start":{"line":363,"column":0},"end":{"line":363,"column":9}},"363":{"start":{"line":364,"column":0},"end":{"line":364,"column":0}},"364":{"start":{"line":365,"column":0},"end":{"line":365,"column":42}},"365":{"start":{"line":366,"column":0},"end":{"line":366,"column":59}},"366":{"start":{"line":367,"column":0},"end":{"line":367,"column":33}},"367":{"start":{"line":368,"column":0},"end":{"line":368,"column":0}},"368":{"start":{"line":369,"column":0},"end":{"line":369,"column":31}},"369":{"start":{"line":370,"column":0},"end":{"line":370,"column":33}},"370":{"start":{"line":371,"column":0},"end":{"line":371,"column":30}},"371":{"start":{"line":372,"column":0},"end":{"line":372,"column":36}},"372":{"start":{"line":373,"column":0},"end":{"line":373,"column":9}},"373":{"start":{"line":374,"column":0},"end":{"line":374,"column":21}},"374":{"start":{"line":375,"column":0},"end":{"line":375,"column":39}},"375":{"start":{"line":376,"column":0},"end":{"line":376,"column":50}},"376":{"start":{"line":377,"column":0},"end":{"line":377,"column":17}},"377":{"start":{"line":378,"column":0},"end":{"line":378,"column":34}},"378":{"start":{"line":379,"column":0},"end":{"line":379,"column":7}},"379":{"start":{"line":380,"column":0},"end":{"line":380,"column":5}},"380":{"start":{"line":381,"column":0},"end":{"line":381,"column":0}},"381":{"start":{"line":382,"column":0},"end":{"line":382,"column":21}},"382":{"start":{"line":383,"column":0},"end":{"line":383,"column":27}},"383":{"start":{"line":384,"column":0},"end":{"line":384,"column":28}},"384":{"start":{"line":385,"column":0},"end":{"line":385,"column":6}},"385":{"start":{"line":386,"column":0},"end":{"line":386,"column":0}},"386":{"start":{"line":387,"column":0},"end":{"line":387,"column":12}},"387":{"start":{"line":388,"column":0},"end":{"line":388,"column":21}},"388":{"start":{"line":389,"column":0},"end":{"line":389,"column":22}},"389":{"start":{"line":390,"column":0},"end":{"line":390,"column":21}},"390":{"start":{"line":391,"column":0},"end":{"line":391,"column":22}},"391":{"start":{"line":392,"column":0},"end":{"line":392,"column":19}},"392":{"start":{"line":393,"column":0},"end":{"line":393,"column":20}},"393":{"start":{"line":394,"column":0},"end":{"line":394,"column":23}},"394":{"start":{"line":395,"column":0},"end":{"line":395,"column":25}},"395":{"start":{"line":396,"column":0},"end":{"line":396,"column":26}},"396":{"start":{"line":397,"column":0},"end":{"line":397,"column":29}},"397":{"start":{"line":398,"column":0},"end":{"line":398,"column":30}},"398":{"start":{"line":399,"column":0},"end":{"line":399,"column":25}},"399":{"start":{"line":400,"column":0},"end":{"line":400,"column":19}},"400":{"start":{"line":401,"column":0},"end":{"line":401,"column":19}},"401":{"start":{"line":402,"column":0},"end":{"line":402,"column":19}},"402":{"start":{"line":403,"column":0},"end":{"line":403,"column":19}},"403":{"start":{"line":404,"column":0},"end":{"line":404,"column":16}},"404":{"start":{"line":405,"column":0},"end":{"line":405,"column":19}},"405":{"start":{"line":406,"column":0},"end":{"line":406,"column":18}},"406":{"start":{"line":407,"column":0},"end":{"line":407,"column":20}},"407":{"start":{"line":408,"column":0},"end":{"line":408,"column":19}},"408":{"start":{"line":409,"column":0},"end":{"line":409,"column":23}},"409":{"start":{"line":410,"column":0},"end":{"line":410,"column":15}},"410":{"start":{"line":411,"column":0},"end":{"line":411,"column":5}},"411":{"start":{"line":412,"column":0},"end":{"line":412,"column":3}},"412":{"start":{"line":413,"column":0},"end":{"line":413,"column":1}},"413":{"start":{"line":414,"column":0},"end":{"line":414,"column":9}},"414":{"start":{"line":415,"column":0},"end":{"line":415,"column":0}},"415":{"start":{"line":416,"column":0},"end":{"line":416,"column":14}},"416":{"start":{"line":417,"column":0},"end":{"line":417,"column":4}},"417":{"start":{"line":418,"column":0},"end":{"line":418,"column":20}},"418":{"start":{"line":419,"column":0},"end":{"line":419,"column":19}},"419":{"start":{"line":420,"column":0},"end":{"line":420,"column":17}},"420":{"start":{"line":421,"column":0},"end":{"line":421,"column":17}},"421":{"start":{"line":422,"column":0},"end":{"line":422,"column":1}},"422":{"start":{"line":423,"column":0},"end":{"line":423,"column":0}},"423":{"start":{"line":424,"column":0},"end":{"line":424,"column":15}},"424":{"start":{"line":425,"column":0},"end":{"line":425,"column":24}},"425":{"start":{"line":426,"column":0},"end":{"line":426,"column":1}},"426":{"start":{"line":427,"column":0},"end":{"line":427,"column":0}},"427":{"start":{"line":428,"column":0},"end":{"line":428,"column":21}},"428":{"start":{"line":429,"column":0},"end":{"line":429,"column":17}},"429":{"start":{"line":430,"column":0},"end":{"line":430,"column":22}},"430":{"start":{"line":431,"column":0},"end":{"line":431,"column":19}},"431":{"start":{"line":432,"column":0},"end":{"line":432,"column":17}},"432":{"start":{"line":433,"column":0},"end":{"line":433,"column":24}},"433":{"start":{"line":434,"column":0},"end":{"line":434,"column":1}},"434":{"start":{"line":435,"column":0},"end":{"line":435,"column":0}},"435":{"start":{"line":436,"column":0},"end":{"line":436,"column":15}},"436":{"start":{"line":437,"column":0},"end":{"line":437,"column":14}},"437":{"start":{"line":438,"column":0},"end":{"line":438,"column":19}},"438":{"start":{"line":439,"column":0},"end":{"line":439,"column":19}},"439":{"start":{"line":440,"column":0},"end":{"line":440,"column":28}},"440":{"start":{"line":441,"column":0},"end":{"line":441,"column":21}},"441":{"start":{"line":442,"column":0},"end":{"line":442,"column":18}},"442":{"start":{"line":443,"column":0},"end":{"line":443,"column":49}},"443":{"start":{"line":444,"column":0},"end":{"line":444,"column":1}},"444":{"start":{"line":445,"column":0},"end":{"line":445,"column":0}},"445":{"start":{"line":446,"column":0},"end":{"line":446,"column":21}},"446":{"start":{"line":447,"column":0},"end":{"line":447,"column":16}},"447":{"start":{"line":448,"column":0},"end":{"line":448,"column":24}},"448":{"start":{"line":449,"column":0},"end":{"line":449,"column":48}},"449":{"start":{"line":450,"column":0},"end":{"line":450,"column":1}},"450":{"start":{"line":451,"column":0},"end":{"line":451,"column":0}},"451":{"start":{"line":452,"column":0},"end":{"line":452,"column":22}},"452":{"start":{"line":453,"column":0},"end":{"line":453,"column":17}},"453":{"start":{"line":454,"column":0},"end":{"line":454,"column":24}},"454":{"start":{"line":455,"column":0},"end":{"line":455,"column":19}},"455":{"start":{"line":456,"column":0},"end":{"line":456,"column":1}},"456":{"start":{"line":457,"column":0},"end":{"line":457,"column":0}},"457":{"start":{"line":458,"column":0},"end":{"line":458,"column":17}},"458":{"start":{"line":459,"column":0},"end":{"line":459,"column":16}},"459":{"start":{"line":460,"column":0},"end":{"line":460,"column":12}},"460":{"start":{"line":461,"column":0},"end":{"line":461,"column":22}},"461":{"start":{"line":462,"column":0},"end":{"line":462,"column":22}},"462":{"start":{"line":463,"column":0},"end":{"line":463,"column":18}},"463":{"start":{"line":464,"column":0},"end":{"line":464,"column":1}},"464":{"start":{"line":465,"column":0},"end":{"line":465,"column":0}},"465":{"start":{"line":466,"column":0},"end":{"line":466,"column":21}},"466":{"start":{"line":467,"column":0},"end":{"line":467,"column":10}},"467":{"start":{"line":468,"column":0},"end":{"line":468,"column":19}},"468":{"start":{"line":469,"column":0},"end":{"line":469,"column":1}},"469":{"start":{"line":470,"column":0},"end":{"line":470,"column":0}},"470":{"start":{"line":471,"column":0},"end":{"line":471,"column":13}},"471":{"start":{"line":472,"column":0},"end":{"line":472,"column":16}},"472":{"start":{"line":473,"column":0},"end":{"line":473,"column":1}},"473":{"start":{"line":474,"column":0},"end":{"line":474,"column":0}},"474":{"start":{"line":475,"column":0},"end":{"line":475,"column":13}},"475":{"start":{"line":476,"column":0},"end":{"line":476,"column":17}},"476":{"start":{"line":477,"column":0},"end":{"line":477,"column":24}},"477":{"start":{"line":478,"column":0},"end":{"line":478,"column":20}},"478":{"start":{"line":479,"column":0},"end":{"line":479,"column":29}},"479":{"start":{"line":480,"column":0},"end":{"line":480,"column":21}},"480":{"start":{"line":481,"column":0},"end":{"line":481,"column":18}},"481":{"start":{"line":482,"column":0},"end":{"line":482,"column":23}},"482":{"start":{"line":483,"column":0},"end":{"line":483,"column":21}},"483":{"start":{"line":484,"column":0},"end":{"line":484,"column":17}},"484":{"start":{"line":485,"column":0},"end":{"line":485,"column":1}},"485":{"start":{"line":486,"column":0},"end":{"line":486,"column":0}},"486":{"start":{"line":487,"column":0},"end":{"line":487,"column":19}},"487":{"start":{"line":488,"column":0},"end":{"line":488,"column":24}},"488":{"start":{"line":489,"column":0},"end":{"line":489,"column":17}},"489":{"start":{"line":490,"column":0},"end":{"line":490,"column":22}},"490":{"start":{"line":491,"column":0},"end":{"line":491,"column":1}},"491":{"start":{"line":492,"column":0},"end":{"line":492,"column":0}},"492":{"start":{"line":493,"column":0},"end":{"line":493,"column":13}},"493":{"start":{"line":494,"column":0},"end":{"line":494,"column":26}},"494":{"start":{"line":495,"column":0},"end":{"line":495,"column":22}},"495":{"start":{"line":496,"column":0},"end":{"line":496,"column":15}},"496":{"start":{"line":497,"column":0},"end":{"line":497,"column":15}},"497":{"start":{"line":498,"column":0},"end":{"line":498,"column":21}},"498":{"start":{"line":499,"column":0},"end":{"line":499,"column":19}},"499":{"start":{"line":500,"column":0},"end":{"line":500,"column":18}},"500":{"start":{"line":501,"column":0},"end":{"line":501,"column":30}},"501":{"start":{"line":502,"column":0},"end":{"line":502,"column":1}},"502":{"start":{"line":503,"column":0},"end":{"line":503,"column":0}},"503":{"start":{"line":504,"column":0},"end":{"line":504,"column":34}},"504":{"start":{"line":505,"column":0},"end":{"line":505,"column":22}},"505":{"start":{"line":506,"column":0},"end":{"line":506,"column":1}},"506":{"start":{"line":507,"column":0},"end":{"line":507,"column":0}},"507":{"start":{"line":508,"column":0},"end":{"line":508,"column":22}},"508":{"start":{"line":509,"column":0},"end":{"line":509,"column":22}},"509":{"start":{"line":510,"column":0},"end":{"line":510,"column":22}},"510":{"start":{"line":511,"column":0},"end":{"line":511,"column":1}},"511":{"start":{"line":512,"column":0},"end":{"line":512,"column":0}},"512":{"start":{"line":513,"column":0},"end":{"line":513,"column":15}},"513":{"start":{"line":514,"column":0},"end":{"line":514,"column":19}},"514":{"start":{"line":515,"column":0},"end":{"line":515,"column":22}},"515":{"start":{"line":516,"column":0},"end":{"line":516,"column":28}},"516":{"start":{"line":517,"column":0},"end":{"line":517,"column":21}},"517":{"start":{"line":518,"column":0},"end":{"line":518,"column":17}},"518":{"start":{"line":519,"column":0},"end":{"line":519,"column":22}},"519":{"start":{"line":520,"column":0},"end":{"line":520,"column":1}},"520":{"start":{"line":521,"column":0},"end":{"line":521,"column":0}},"521":{"start":{"line":522,"column":0},"end":{"line":522,"column":17}},"522":{"start":{"line":523,"column":0},"end":{"line":523,"column":19}},"523":{"start":{"line":524,"column":0},"end":{"line":524,"column":22}},"524":{"start":{"line":525,"column":0},"end":{"line":525,"column":28}},"525":{"start":{"line":526,"column":0},"end":{"line":526,"column":21}},"526":{"start":{"line":527,"column":0},"end":{"line":527,"column":17}},"527":{"start":{"line":528,"column":0},"end":{"line":528,"column":22}},"528":{"start":{"line":529,"column":0},"end":{"line":529,"column":1}},"529":{"start":{"line":530,"column":0},"end":{"line":530,"column":0}},"530":{"start":{"line":531,"column":0},"end":{"line":531,"column":16}},"531":{"start":{"line":532,"column":0},"end":{"line":532,"column":21}},"532":{"start":{"line":533,"column":0},"end":{"line":533,"column":18}},"533":{"start":{"line":534,"column":0},"end":{"line":534,"column":22}},"534":{"start":{"line":535,"column":0},"end":{"line":535,"column":21}},"535":{"start":{"line":536,"column":0},"end":{"line":536,"column":28}},"536":{"start":{"line":537,"column":0},"end":{"line":537,"column":1}},"537":{"start":{"line":538,"column":0},"end":{"line":538,"column":0}},"538":{"start":{"line":539,"column":0},"end":{"line":539,"column":19}},"539":{"start":{"line":540,"column":0},"end":{"line":540,"column":21}},"540":{"start":{"line":541,"column":0},"end":{"line":541,"column":19}},"541":{"start":{"line":542,"column":0},"end":{"line":542,"column":17}},"542":{"start":{"line":543,"column":0},"end":{"line":543,"column":21}},"543":{"start":{"line":544,"column":0},"end":{"line":544,"column":1}},"544":{"start":{"line":545,"column":0},"end":{"line":545,"column":0}},"545":{"start":{"line":546,"column":0},"end":{"line":546,"column":19}},"546":{"start":{"line":547,"column":0},"end":{"line":547,"column":19}},"547":{"start":{"line":548,"column":0},"end":{"line":548,"column":17}},"548":{"start":{"line":549,"column":0},"end":{"line":549,"column":1}},"549":{"start":{"line":550,"column":0},"end":{"line":550,"column":0}},"550":{"start":{"line":551,"column":0},"end":{"line":551,"column":24}},"551":{"start":{"line":552,"column":0},"end":{"line":552,"column":17}},"552":{"start":{"line":553,"column":0},"end":{"line":553,"column":19}},"553":{"start":{"line":554,"column":0},"end":{"line":554,"column":1}},"554":{"start":{"line":555,"column":0},"end":{"line":555,"column":0}},"555":{"start":{"line":556,"column":0},"end":{"line":556,"column":15}},"556":{"start":{"line":557,"column":0},"end":{"line":557,"column":28}},"557":{"start":{"line":558,"column":0},"end":{"line":558,"column":17}},"558":{"start":{"line":559,"column":0},"end":{"line":559,"column":1}},"559":{"start":{"line":560,"column":0},"end":{"line":560,"column":0}},"560":{"start":{"line":561,"column":0},"end":{"line":561,"column":18}},"561":{"start":{"line":562,"column":0},"end":{"line":562,"column":20}},"562":{"start":{"line":563,"column":0},"end":{"line":563,"column":1}},"563":{"start":{"line":564,"column":0},"end":{"line":564,"column":0}},"564":{"start":{"line":565,"column":0},"end":{"line":565,"column":11}},"565":{"start":{"line":566,"column":0},"end":{"line":566,"column":19}},"566":{"start":{"line":567,"column":0},"end":{"line":567,"column":16}},"567":{"start":{"line":568,"column":0},"end":{"line":568,"column":20}},"568":{"start":{"line":569,"column":0},"end":{"line":569,"column":28}},"569":{"start":{"line":570,"column":0},"end":{"line":570,"column":21}},"570":{"start":{"line":571,"column":0},"end":{"line":571,"column":1}},"571":{"start":{"line":572,"column":0},"end":{"line":572,"column":0}},"572":{"start":{"line":573,"column":0},"end":{"line":573,"column":19}},"573":{"start":{"line":574,"column":0},"end":{"line":574,"column":18}},"574":{"start":{"line":575,"column":0},"end":{"line":575,"column":19}},"575":{"start":{"line":576,"column":0},"end":{"line":576,"column":17}},"576":{"start":{"line":577,"column":0},"end":{"line":577,"column":20}},"577":{"start":{"line":578,"column":0},"end":{"line":578,"column":1}},"578":{"start":{"line":579,"column":0},"end":{"line":579,"column":0}},"579":{"start":{"line":580,"column":0},"end":{"line":580,"column":25}},"580":{"start":{"line":581,"column":0},"end":{"line":581,"column":17}},"581":{"start":{"line":582,"column":0},"end":{"line":582,"column":1}},"582":{"start":{"line":583,"column":0},"end":{"line":583,"column":0}},"583":{"start":{"line":584,"column":0},"end":{"line":584,"column":15}},"584":{"start":{"line":585,"column":0},"end":{"line":585,"column":19}},"585":{"start":{"line":586,"column":0},"end":{"line":586,"column":16}},"586":{"start":{"line":587,"column":0},"end":{"line":587,"column":22}},"587":{"start":{"line":588,"column":0},"end":{"line":588,"column":21}},"588":{"start":{"line":589,"column":0},"end":{"line":589,"column":19}},"589":{"start":{"line":590,"column":0},"end":{"line":590,"column":22}},"590":{"start":{"line":591,"column":0},"end":{"line":591,"column":19}},"591":{"start":{"line":592,"column":0},"end":{"line":592,"column":17}},"592":{"start":{"line":593,"column":0},"end":{"line":593,"column":1}},"593":{"start":{"line":594,"column":0},"end":{"line":594,"column":8}}},"s":{"0":1,"1":1,"2":1,"3":1,"4":1,"5":1,"6":1,"7":1,"8":1,"9":1,"10":1,"11":1,"12":1,"13":1,"14":1,"15":1,"16":1,"17":1,"18":1,"19":1,"20":1,"21":1,"22":1,"23":1,"24":1,"25":1,"26":1,"27":1,"28":1,"29":1,"30":1,"31":1,"32":1,"33":1,"34":1,"35":1,"36":1,"37":1,"38":1,"39":1,"40":1,"41":1,"42":1,"43":1,"44":1,"45":1,"46":1,"47":1,"48":1,"49":1,"50":1,"51":1,"52":1,"53":1,"54":1,"55":1,"56":1,"57":1,"58":1,"59":1,"60":1,"61":1,"62":1,"63":1,"64":1,"65":1,"66":1,"67":1,"68":1,"69":1,"70":1,"71":1,"72":1,"73":1,"74":1,"75":1,"76":1,"77":1,"78":1,"79":1,"80":1,"81":1,"82":1,"83":1,"84":1,"85":1,"86":1,"87":1,"88":1,"89":1,"90":1,"91":1,"92":1,"93":1,"94":1,"95":1,"96":1,"97":1,"98":1,"99":1,"100":1,"101":1,"102":1,"103":1,"104":1,"105":1,"106":1,"107":1,"108":1,"109":1,"110":1,"111":1,"112":1,"113":1,"114":1,"115":1,"116":1,"117":1,"118":1,"119":1,"120":1,"121":1,"122":1,"123":1,"124":1,"125":1,"126":1,"127":1,"128":1,"129":1,"130":1,"131":1,"132":1,"133":1,"134":1,"135":1,"136":1,"137":1,"138":1,"139":1,"140":1,"141":1,"142":1,"143":1,"144":1,"145":1,"146":1,"147":1,"148":1,"149":1,"150":1,"151":1,"152":1,"153":1,"154":1,"155":1,"156":1,"157":1,"158":1,"159":1,"160":1,"161":1,"162":1,"163":1,"164":1,"165":1,"166":1,"167":1,"168":1,"169":1,"170":1,"171":1,"172":1,"173":1,"174":1,"175":1,"176":1,"177":1,"178":1,"179":1,"180":1,"181":0,"182":0,"183":0,"184":0,"185":0,"186":0,"187":0,"188":0,"189":0,"190":0,"191":0,"192":0,"193":0,"194":0,"195":0,"196":0,"197":0,"198":0,"199":0,"200":0,"201":0,"202":0,"203":0,"204":0,"205":0,"206":0,"207":0,"208":0,"209":0,"210":0,"211":0,"212":0,"213":0,"214":0,"215":0,"216":0,"217":0,"218":0,"219":0,"220":0,"221":0,"222":0,"223":0,"224":0,"225":0,"226":0,"227":0,"228":0,"229":0,"230":0,"231":0,"232":0,"233":0,"234":0,"235":0,"236":0,"237":0,"238":0,"239":0,"240":0,"241":0,"242":0,"243":0,"244":0,"245":0,"246":0,"247":0,"248":0,"249":0,"250":0,"251":0,"252":0,"253":0,"254":0,"255":0,"256":0,"257":0,"258":0,"259":0,"260":0,"261":0,"262":0,"263":0,"264":0,"265":0,"266":0,"267":0,"268":0,"269":0,"270":0,"271":0,"272":0,"273":0,"274":0,"275":0,"276":0,"277":0,"278":0,"279":0,"280":0,"281":0,"282":0,"283":0,"284":0,"285":0,"286":0,"287":0,"288":0,"289":0,"290":0,"291":0,"292":0,"293":0,"294":0,"295":0,"296":0,"297":0,"298":0,"299":0,"300":0,"301":0,"302":0,"303":0,"304":0,"305":0,"306":0,"307":0,"308":0,"309":0,"310":0,"311":0,"312":0,"313":0,"314":0,"315":0,"316":0,"317":0,"318":0,"319":0,"320":0,"321":0,"322":0,"323":0,"324":0,"325":0,"326":0,"327":0,"328":0,"329":0,"330":0,"331":0,"332":0,"333":0,"334":0,"335":0,"336":0,"337":0,"338":0,"339":0,"340":0,"341":0,"342":0,"343":0,"344":0,"345":0,"346":0,"347":0,"348":0,"349":0,"350":0,"351":0,"352":0,"353":0,"354":0,"355":0,"356":0,"357":0,"358":0,"359":0,"360":0,"361":0,"362":0,"363":0,"364":0,"365":0,"366":0,"367":0,"368":0,"369":0,"370":0,"371":0,"372":0,"373":0,"374":0,"375":0,"376":0,"377":0,"378":0,"379":0,"380":0,"381":0,"382":0,"383":0,"384":0,"385":0,"386":0,"387":0,"388":0,"389":0,"390":0,"391":0,"392":0,"393":0,"394":0,"395":0,"396":0,"397":0,"398":0,"399":0,"400":0,"401":0,"402":0,"403":0,"404":0,"405":0,"406":0,"407":0,"408":0,"409":0,"410":0,"411":0,"412":1,"413":1,"414":1,"415":1,"416":1,"417":1,"418":1,"419":1,"420":1,"421":1,"422":1,"423":1,"424":1,"425":1,"426":1,"427":1,"428":1,"429":1,"430":1,"431":1,"432":1,"433":1,"434":1,"435":1,"436":1,"437":1,"438":1,"439":1,"440":1,"441":1,"442":1,"443":1,"444":1,"445":1,"446":1,"447":1,"448":1,"449":1,"450":1,"451":1,"452":1,"453":1,"454":1,"455":1,"456":1,"457":1,"458":1,"459":1,"460":1,"461":1,"462":1,"463":1,"464":1,"465":1,"466":1,"467":1,"468":1,"469":1,"470":1,"471":1,"472":1,"473":1,"474":1,"475":1,"476":1,"477":1,"478":1,"479":1,"480":1,"481":1,"482":1,"483":1,"484":1,"485":1,"486":1,"487":1,"488":1,"489":1,"490":1,"491":1,"492":1,"493":1,"494":1,"495":1,"496":1,"497":1,"498":1,"499":1,"500":1,"501":1,"502":1,"503":1,"504":1,"505":1,"506":1,"507":1,"508":1,"509":1,"510":1,"511":1,"512":1,"513":1,"514":1,"515":1,"516":1,"517":1,"518":1,"519":1,"520":1,"521":1,"522":1,"523":1,"524":1,"525":1,"526":1,"527":1,"528":1,"529":1,"530":1,"531":1,"532":1,"533":1,"534":1,"535":1,"536":1,"537":1,"538":1,"539":1,"540":1,"541":1,"542":1,"543":1,"544":1,"545":1,"546":1,"547":1,"548":1,"549":1,"550":1,"551":1,"552":1,"553":1,"554":1,"555":1,"556":1,"557":1,"558":1,"559":1,"560":1,"561":1,"562":1,"563":1,"564":1,"565":1,"566":1,"567":1,"568":1,"569":1,"570":1,"571":1,"572":1,"573":1,"574":1,"575":1,"576":1,"577":1,"578":1,"579":1,"580":1,"581":1,"582":1,"583":1,"584":1,"585":1,"586":1,"587":1,"588":1,"589":1,"590":1,"591":1,"592":1,"593":1},"branchMap":{},"b":{},"fnMap":{"0":{"name":"setup","decl":{"start":{"line":181,"column":2},"end":{"line":412,"column":3}},"loc":{"start":{"line":181,"column":2},"end":{"line":412,"column":3}},"line":181}},"f":{"0":0}}
,"/home/am/Dev/durhack-25/frontend/src/pages/module/ModulePage.vue": {"path":"/home/am/Dev/durhack-25/frontend/src/pages/module/ModulePage.vue","all":false,"statementMap":{"0":{"start":{"line":1,"column":0},"end":{"line":1,"column":10}},"1":{"start":{"line":2,"column":0},"end":{"line":2,"column":30}},"2":{"start":{"line":3,"column":0},"end":{"line":3,"column":35}},"3":{"start":{"line":4,"column":0},"end":{"line":4,"column":26}},"4":{"start":{"line":5,"column":0},"end":{"line":5,"column":76}},"5":{"start":{"line":6,"column":0},"end":{"line":6,"column":12}},"6":{"start":{"line":7,"column":0},"end":{"line":7,"column":0}},"7":{"start":{"line":8,"column":0},"end":{"line":8,"column":65}},"8":{"start":{"line":9,"column":0},"end":{"line":9,"column":60}},"9":{"start":{"line":10,"column":0},"end":{"line":10,"column":56}},"10":{"start":{"line":11,"column":0},"end":{"line":11,"column":42}},"11":{"start":{"line":12,"column":0},"end":{"line":12,"column":12}},"12":{"start":{"line":13,"column":0},"end":{"line":13,"column":41}},"13":{"start":{"line":14,"column":0},"end":{"line":14,"column":28}},"14":{"start":{"line":15,"column":0},"end":{"line":15,"column":33}},"15":{"start":{"line":16,"column":0},"end":{"line":16,"column":34}},"16":{"start":{"line":17,"column":0},"end":{"line":17,"column":52}},"17":{"start":{"line":18,"column":0},"end":{"line":18,"column":48}},"18":{"start":{"line":19,"column":0},"end":{"line":19,"column":14}},"19":{"start":{"line":20,"column":0},"end":{"line":20,"column":12}},"20":{"start":{"line":21,"column":0},"end":{"line":21,"column":0}},"21":{"start":{"line":22,"column":0},"end":{"line":22,"column":35}},"22":{"start":{"line":23,"column":0},"end":{"line":23,"column":32}},"23":{"start":{"line":24,"column":0},"end":{"line":24,"column":65}},"24":{"start":{"line":25,"column":0},"end":{"line":25,"column":0}},"25":{"start":{"line":26,"column":0},"end":{"line":26,"column":31}},"26":{"start":{"line":27,"column":0},"end":{"line":27,"column":33}},"27":{"start":{"line":28,"column":0},"end":{"line":28,"column":49}},"28":{"start":{"line":29,"column":0},"end":{"line":29,"column":61}},"29":{"start":{"line":30,"column":0},"end":{"line":30,"column":16}},"30":{"start":{"line":31,"column":0},"end":{"line":31,"column":0}},"31":{"start":{"line":32,"column":0},"end":{"line":32,"column":67}},"32":{"start":{"line":33,"column":0},"end":{"line":33,"column":93}},"33":{"start":{"line":34,"column":0},"end":{"line":34,"column":36}},"34":{"start":{"line":35,"column":0},"end":{"line":35,"column":26}},"35":{"start":{"line":36,"column":0},"end":{"line":36,"column":60}},"36":{"start":{"line":37,"column":0},"end":{"line":37,"column":34}},"37":{"start":{"line":38,"column":0},"end":{"line":38,"column":64}},"38":{"start":{"line":39,"column":0},"end":{"line":39,"column":33}},"39":{"start":{"line":40,"column":0},"end":{"line":40,"column":15}},"40":{"start":{"line":41,"column":0},"end":{"line":41,"column":92}},"41":{"start":{"line":42,"column":0},"end":{"line":42,"column":28}},"42":{"start":{"line":43,"column":0},"end":{"line":43,"column":18}},"43":{"start":{"line":44,"column":0},"end":{"line":44,"column":16}},"44":{"start":{"line":45,"column":0},"end":{"line":45,"column":40}},"45":{"start":{"line":46,"column":0},"end":{"line":46,"column":51}},"46":{"start":{"line":47,"column":0},"end":{"line":47,"column":66}},"47":{"start":{"line":48,"column":0},"end":{"line":48,"column":16}},"48":{"start":{"line":49,"column":0},"end":{"line":49,"column":0}},"49":{"start":{"line":50,"column":0},"end":{"line":50,"column":102}},"50":{"start":{"line":51,"column":0},"end":{"line":51,"column":54}},"51":{"start":{"line":52,"column":0},"end":{"line":52,"column":36}},"52":{"start":{"line":53,"column":0},"end":{"line":53,"column":26}},"53":{"start":{"line":54,"column":0},"end":{"line":54,"column":66}},"54":{"start":{"line":55,"column":0},"end":{"line":55,"column":32}},"55":{"start":{"line":56,"column":0},"end":{"line":56,"column":68}},"56":{"start":{"line":57,"column":0},"end":{"line":57,"column":33}},"57":{"start":{"line":58,"column":0},"end":{"line":58,"column":15}},"58":{"start":{"line":59,"column":0},"end":{"line":59,"column":99}},"59":{"start":{"line":60,"column":0},"end":{"line":60,"column":28}},"60":{"start":{"line":61,"column":0},"end":{"line":61,"column":18}},"61":{"start":{"line":62,"column":0},"end":{"line":62,"column":16}},"62":{"start":{"line":63,"column":0},"end":{"line":63,"column":14}},"63":{"start":{"line":64,"column":0},"end":{"line":64,"column":12}},"64":{"start":{"line":65,"column":0},"end":{"line":65,"column":0}},"65":{"start":{"line":66,"column":0},"end":{"line":66,"column":35}},"66":{"start":{"line":67,"column":0},"end":{"line":67,"column":63}},"67":{"start":{"line":68,"column":0},"end":{"line":68,"column":15}},"68":{"start":{"line":69,"column":0},"end":{"line":69,"column":42}},"69":{"start":{"line":70,"column":0},"end":{"line":70,"column":40}},"70":{"start":{"line":71,"column":0},"end":{"line":71,"column":29}},"71":{"start":{"line":72,"column":0},"end":{"line":72,"column":9}},"72":{"start":{"line":73,"column":0},"end":{"line":73,"column":27}},"73":{"start":{"line":74,"column":0},"end":{"line":74,"column":17}},"74":{"start":{"line":75,"column":0},"end":{"line":75,"column":45}},"75":{"start":{"line":76,"column":0},"end":{"line":76,"column":66}},"76":{"start":{"line":77,"column":0},"end":{"line":77,"column":107}},"77":{"start":{"line":78,"column":0},"end":{"line":78,"column":14}},"78":{"start":{"line":79,"column":0},"end":{"line":79,"column":12}},"79":{"start":{"line":80,"column":0},"end":{"line":80,"column":0}},"80":{"start":{"line":81,"column":0},"end":{"line":81,"column":61}},"81":{"start":{"line":82,"column":0},"end":{"line":82,"column":31}},"82":{"start":{"line":83,"column":0},"end":{"line":83,"column":65}},"83":{"start":{"line":84,"column":0},"end":{"line":84,"column":34}},"84":{"start":{"line":85,"column":0},"end":{"line":85,"column":58}},"85":{"start":{"line":86,"column":0},"end":{"line":86,"column":19}},"86":{"start":{"line":87,"column":0},"end":{"line":87,"column":30}},"87":{"start":{"line":88,"column":0},"end":{"line":88,"column":46}},"88":{"start":{"line":89,"column":0},"end":{"line":89,"column":35}},"89":{"start":{"line":90,"column":0},"end":{"line":90,"column":22}},"90":{"start":{"line":91,"column":0},"end":{"line":91,"column":13}},"91":{"start":{"line":92,"column":0},"end":{"line":92,"column":79}},"92":{"start":{"line":93,"column":0},"end":{"line":93,"column":46}},"93":{"start":{"line":94,"column":0},"end":{"line":94,"column":23}},"94":{"start":{"line":95,"column":0},"end":{"line":95,"column":21}},"95":{"start":{"line":96,"column":0},"end":{"line":96,"column":16}},"96":{"start":{"line":97,"column":0},"end":{"line":97,"column":0}},"97":{"start":{"line":98,"column":0},"end":{"line":98,"column":34}},"98":{"start":{"line":99,"column":0},"end":{"line":99,"column":33}},"99":{"start":{"line":100,"column":0},"end":{"line":100,"column":39}},"100":{"start":{"line":101,"column":0},"end":{"line":101,"column":21}},"101":{"start":{"line":102,"column":0},"end":{"line":102,"column":33}},"102":{"start":{"line":103,"column":0},"end":{"line":103,"column":27}},"103":{"start":{"line":104,"column":0},"end":{"line":104,"column":29}},"104":{"start":{"line":105,"column":0},"end":{"line":105,"column":48}},"105":{"start":{"line":106,"column":0},"end":{"line":106,"column":32}},"106":{"start":{"line":107,"column":0},"end":{"line":107,"column":61}},"107":{"start":{"line":108,"column":0},"end":{"line":108,"column":15}},"108":{"start":{"line":109,"column":0},"end":{"line":109,"column":58}},"109":{"start":{"line":110,"column":0},"end":{"line":110,"column":23}},"110":{"start":{"line":111,"column":0},"end":{"line":111,"column":18}},"111":{"start":{"line":112,"column":0},"end":{"line":112,"column":16}},"112":{"start":{"line":113,"column":0},"end":{"line":113,"column":0}},"113":{"start":{"line":114,"column":0},"end":{"line":114,"column":34}},"114":{"start":{"line":115,"column":0},"end":{"line":115,"column":59}},"115":{"start":{"line":116,"column":0},"end":{"line":116,"column":21}},"116":{"start":{"line":117,"column":0},"end":{"line":117,"column":33}},"117":{"start":{"line":118,"column":0},"end":{"line":118,"column":41}},"118":{"start":{"line":119,"column":0},"end":{"line":119,"column":22}},"119":{"start":{"line":120,"column":0},"end":{"line":120,"column":69}},"120":{"start":{"line":121,"column":0},"end":{"line":121,"column":22}},"121":{"start":{"line":122,"column":0},"end":{"line":122,"column":37}},"122":{"start":{"line":123,"column":0},"end":{"line":123,"column":24}},"123":{"start":{"line":124,"column":0},"end":{"line":124,"column":16}},"124":{"start":{"line":125,"column":0},"end":{"line":125,"column":0}},"125":{"start":{"line":126,"column":0},"end":{"line":126,"column":36}},"126":{"start":{"line":127,"column":0},"end":{"line":127,"column":83}},"127":{"start":{"line":128,"column":0},"end":{"line":128,"column":72}},"128":{"start":{"line":129,"column":0},"end":{"line":129,"column":21}},"129":{"start":{"line":130,"column":0},"end":{"line":130,"column":78}},"130":{"start":{"line":131,"column":0},"end":{"line":131,"column":20}},"131":{"start":{"line":132,"column":0},"end":{"line":132,"column":21}},"132":{"start":{"line":133,"column":0},"end":{"line":133,"column":16}},"133":{"start":{"line":134,"column":0},"end":{"line":134,"column":15}},"134":{"start":{"line":135,"column":0},"end":{"line":135,"column":12}},"135":{"start":{"line":136,"column":0},"end":{"line":136,"column":0}},"136":{"start":{"line":137,"column":0},"end":{"line":137,"column":30}},"137":{"start":{"line":138,"column":0},"end":{"line":138,"column":35}},"138":{"start":{"line":139,"column":0},"end":{"line":139,"column":45}},"139":{"start":{"line":140,"column":0},"end":{"line":140,"column":67}},"140":{"start":{"line":141,"column":0},"end":{"line":141,"column":137}},"141":{"start":{"line":142,"column":0},"end":{"line":142,"column":76}},"142":{"start":{"line":143,"column":0},"end":{"line":143,"column":14}},"143":{"start":{"line":144,"column":0},"end":{"line":144,"column":38}},"144":{"start":{"line":145,"column":0},"end":{"line":145,"column":24}},"145":{"start":{"line":146,"column":0},"end":{"line":146,"column":14}},"146":{"start":{"line":147,"column":0},"end":{"line":147,"column":0}},"147":{"start":{"line":148,"column":0},"end":{"line":148,"column":58}},"148":{"start":{"line":149,"column":0},"end":{"line":149,"column":41}},"149":{"start":{"line":150,"column":0},"end":{"line":150,"column":14}},"150":{"start":{"line":151,"column":0},"end":{"line":151,"column":0}},"151":{"start":{"line":152,"column":0},"end":{"line":152,"column":63}},"152":{"start":{"line":153,"column":0},"end":{"line":153,"column":91}},"153":{"start":{"line":154,"column":0},"end":{"line":154,"column":37}},"154":{"start":{"line":155,"column":0},"end":{"line":155,"column":69}},"155":{"start":{"line":156,"column":0},"end":{"line":156,"column":79}},"156":{"start":{"line":157,"column":0},"end":{"line":157,"column":70}},"157":{"start":{"line":158,"column":0},"end":{"line":158,"column":21}},"158":{"start":{"line":159,"column":0},"end":{"line":159,"column":18}},"159":{"start":{"line":160,"column":0},"end":{"line":160,"column":0}},"160":{"start":{"line":161,"column":0},"end":{"line":161,"column":38}},"161":{"start":{"line":162,"column":0},"end":{"line":162,"column":92}},"162":{"start":{"line":163,"column":0},"end":{"line":163,"column":43}},"163":{"start":{"line":164,"column":0},"end":{"line":164,"column":45}},"164":{"start":{"line":165,"column":0},"end":{"line":165,"column":129}},"165":{"start":{"line":166,"column":0},"end":{"line":166,"column":84}},"166":{"start":{"line":167,"column":0},"end":{"line":167,"column":24}},"167":{"start":{"line":168,"column":0},"end":{"line":168,"column":43}},"168":{"start":{"line":169,"column":0},"end":{"line":169,"column":74}},"169":{"start":{"line":170,"column":0},"end":{"line":170,"column":24}},"170":{"start":{"line":171,"column":0},"end":{"line":171,"column":22}},"171":{"start":{"line":172,"column":0},"end":{"line":172,"column":66}},"172":{"start":{"line":173,"column":0},"end":{"line":173,"column":43}},"173":{"start":{"line":174,"column":0},"end":{"line":174,"column":92}},"174":{"start":{"line":175,"column":0},"end":{"line":175,"column":48}},"175":{"start":{"line":176,"column":0},"end":{"line":176,"column":27}},"176":{"start":{"line":177,"column":0},"end":{"line":177,"column":96}},"177":{"start":{"line":178,"column":0},"end":{"line":178,"column":29}},"178":{"start":{"line":179,"column":0},"end":{"line":179,"column":27}},"179":{"start":{"line":180,"column":0},"end":{"line":180,"column":22}},"180":{"start":{"line":181,"column":0},"end":{"line":181,"column":20}},"181":{"start":{"line":182,"column":0},"end":{"line":182,"column":18}},"182":{"start":{"line":183,"column":0},"end":{"line":183,"column":16}},"183":{"start":{"line":184,"column":0},"end":{"line":184,"column":14}},"184":{"start":{"line":185,"column":0},"end":{"line":185,"column":14}},"185":{"start":{"line":186,"column":0},"end":{"line":186,"column":12}},"186":{"start":{"line":187,"column":0},"end":{"line":187,"column":10}},"187":{"start":{"line":188,"column":0},"end":{"line":188,"column":8}},"188":{"start":{"line":189,"column":0},"end":{"line":189,"column":11}},"189":{"start":{"line":190,"column":0},"end":{"line":190,"column":0}},"190":{"start":{"line":191,"column":0},"end":{"line":191,"column":8}},"191":{"start":{"line":192,"column":0},"end":{"line":192,"column":53}},"192":{"start":{"line":193,"column":0},"end":{"line":193,"column":37}},"193":{"start":{"line":194,"column":0},"end":{"line":194,"column":31}},"194":{"start":{"line":195,"column":0},"end":{"line":195,"column":0}},"195":{"start":{"line":196,"column":0},"end":{"line":196,"column":16}},"196":{"start":{"line":197,"column":0},"end":{"line":197,"column":21}},"197":{"start":{"line":198,"column":0},"end":{"line":198,"column":11}},"198":{"start":{"line":199,"column":0},"end":{"line":199,"column":28}},"199":{"start":{"line":200,"column":0},"end":{"line":200,"column":47}},"200":{"start":{"line":201,"column":0},"end":{"line":201,"column":32}},"201":{"start":{"line":202,"column":0},"end":{"line":202,"column":30}},"202":{"start":{"line":203,"column":0},"end":{"line":203,"column":30}},"203":{"start":{"line":204,"column":0},"end":{"line":204,"column":32}},"204":{"start":{"line":205,"column":0},"end":{"line":205,"column":30}},"205":{"start":{"line":206,"column":0},"end":{"line":206,"column":27}},"206":{"start":{"line":207,"column":0},"end":{"line":207,"column":37}},"207":{"start":{"line":208,"column":0},"end":{"line":208,"column":39}},"208":{"start":{"line":209,"column":0},"end":{"line":209,"column":27}},"209":{"start":{"line":210,"column":0},"end":{"line":210,"column":25}},"210":{"start":{"line":211,"column":0},"end":{"line":211,"column":16}},"211":{"start":{"line":212,"column":0},"end":{"line":212,"column":17}},"212":{"start":{"line":213,"column":0},"end":{"line":213,"column":6}},"213":{"start":{"line":214,"column":0},"end":{"line":214,"column":0}},"214":{"start":{"line":215,"column":0},"end":{"line":215,"column":42}},"215":{"start":{"line":216,"column":0},"end":{"line":216,"column":36}},"216":{"start":{"line":217,"column":0},"end":{"line":217,"column":34}},"217":{"start":{"line":218,"column":0},"end":{"line":218,"column":82}},"218":{"start":{"line":219,"column":0},"end":{"line":219,"column":5}},"219":{"start":{"line":220,"column":0},"end":{"line":220,"column":0}},"220":{"start":{"line":221,"column":0},"end":{"line":221,"column":40}},"221":{"start":{"line":222,"column":0},"end":{"line":222,"column":51}},"222":{"start":{"line":223,"column":0},"end":{"line":223,"column":81}},"223":{"start":{"line":224,"column":0},"end":{"line":224,"column":29}},"224":{"start":{"line":225,"column":0},"end":{"line":225,"column":6}},"225":{"start":{"line":226,"column":0},"end":{"line":226,"column":0}},"226":{"start":{"line":227,"column":0},"end":{"line":227,"column":49}},"227":{"start":{"line":228,"column":0},"end":{"line":228,"column":77}},"228":{"start":{"line":229,"column":0},"end":{"line":229,"column":6}},"229":{"start":{"line":230,"column":0},"end":{"line":230,"column":0}},"230":{"start":{"line":231,"column":0},"end":{"line":231,"column":44}},"231":{"start":{"line":232,"column":0},"end":{"line":232,"column":73}},"232":{"start":{"line":233,"column":0},"end":{"line":233,"column":58}},"233":{"start":{"line":234,"column":0},"end":{"line":234,"column":6}},"234":{"start":{"line":235,"column":0},"end":{"line":235,"column":0}},"235":{"start":{"line":236,"column":0},"end":{"line":236,"column":44}},"236":{"start":{"line":237,"column":0},"end":{"line":237,"column":54}},"237":{"start":{"line":238,"column":0},"end":{"line":238,"column":0}},"238":{"start":{"line":239,"column":0},"end":{"line":239,"column":36}},"239":{"start":{"line":240,"column":0},"end":{"line":240,"column":28}},"240":{"start":{"line":241,"column":0},"end":{"line":241,"column":65}},"241":{"start":{"line":242,"column":0},"end":{"line":242,"column":36}},"242":{"start":{"line":243,"column":0},"end":{"line":243,"column":22}},"243":{"start":{"line":244,"column":0},"end":{"line":244,"column":9}},"244":{"start":{"line":245,"column":0},"end":{"line":245,"column":29}},"245":{"start":{"line":246,"column":0},"end":{"line":246,"column":19}},"246":{"start":{"line":247,"column":0},"end":{"line":247,"column":8}},"247":{"start":{"line":248,"column":0},"end":{"line":248,"column":6}},"248":{"start":{"line":249,"column":0},"end":{"line":249,"column":0}},"249":{"start":{"line":250,"column":0},"end":{"line":250,"column":43}},"250":{"start":{"line":251,"column":0},"end":{"line":251,"column":51}},"251":{"start":{"line":252,"column":0},"end":{"line":252,"column":0}},"252":{"start":{"line":253,"column":0},"end":{"line":253,"column":81}},"253":{"start":{"line":254,"column":0},"end":{"line":254,"column":33}},"254":{"start":{"line":255,"column":0},"end":{"line":255,"column":25}},"255":{"start":{"line":256,"column":0},"end":{"line":256,"column":0}},"256":{"start":{"line":257,"column":0},"end":{"line":257,"column":38}},"257":{"start":{"line":258,"column":0},"end":{"line":258,"column":69}},"258":{"start":{"line":259,"column":0},"end":{"line":259,"column":70}},"259":{"start":{"line":260,"column":0},"end":{"line":260,"column":0}},"260":{"start":{"line":261,"column":0},"end":{"line":261,"column":35}},"261":{"start":{"line":262,"column":0},"end":{"line":262,"column":63}},"262":{"start":{"line":263,"column":0},"end":{"line":263,"column":31}},"263":{"start":{"line":264,"column":0},"end":{"line":264,"column":10}},"264":{"start":{"line":265,"column":0},"end":{"line":265,"column":8}},"265":{"start":{"line":266,"column":0},"end":{"line":266,"column":0}},"266":{"start":{"line":267,"column":0},"end":{"line":267,"column":71}},"267":{"start":{"line":268,"column":0},"end":{"line":268,"column":6}},"268":{"start":{"line":269,"column":0},"end":{"line":269,"column":0}},"269":{"start":{"line":270,"column":0},"end":{"line":270,"column":41}},"270":{"start":{"line":271,"column":0},"end":{"line":271,"column":48}},"271":{"start":{"line":272,"column":0},"end":{"line":272,"column":54}},"272":{"start":{"line":273,"column":0},"end":{"line":273,"column":76}},"273":{"start":{"line":274,"column":0},"end":{"line":274,"column":6}},"274":{"start":{"line":275,"column":0},"end":{"line":275,"column":0}},"275":{"start":{"line":276,"column":0},"end":{"line":276,"column":43}},"276":{"start":{"line":277,"column":0},"end":{"line":277,"column":49}},"277":{"start":{"line":278,"column":0},"end":{"line":278,"column":74}},"278":{"start":{"line":279,"column":0},"end":{"line":279,"column":6}},"279":{"start":{"line":280,"column":0},"end":{"line":280,"column":0}},"280":{"start":{"line":281,"column":0},"end":{"line":281,"column":42}},"281":{"start":{"line":282,"column":0},"end":{"line":282,"column":49}},"282":{"start":{"line":283,"column":0},"end":{"line":283,"column":0}},"283":{"start":{"line":284,"column":0},"end":{"line":284,"column":81}},"284":{"start":{"line":285,"column":0},"end":{"line":285,"column":23}},"285":{"start":{"line":286,"column":0},"end":{"line":286,"column":34}},"286":{"start":{"line":287,"column":0},"end":{"line":287,"column":0}},"287":{"start":{"line":288,"column":0},"end":{"line":288,"column":38}},"288":{"start":{"line":289,"column":0},"end":{"line":289,"column":57}},"289":{"start":{"line":290,"column":0},"end":{"line":290,"column":46}},"290":{"start":{"line":291,"column":0},"end":{"line":291,"column":0}},"291":{"start":{"line":292,"column":0},"end":{"line":292,"column":40}},"292":{"start":{"line":293,"column":0},"end":{"line":293,"column":0}},"293":{"start":{"line":294,"column":0},"end":{"line":294,"column":33}},"294":{"start":{"line":295,"column":0},"end":{"line":295,"column":87}},"295":{"start":{"line":296,"column":0},"end":{"line":296,"column":0}},"296":{"start":{"line":297,"column":0},"end":{"line":297,"column":107}},"297":{"start":{"line":298,"column":0},"end":{"line":298,"column":92}},"298":{"start":{"line":299,"column":0},"end":{"line":299,"column":9}},"299":{"start":{"line":300,"column":0},"end":{"line":300,"column":0}},"300":{"start":{"line":301,"column":0},"end":{"line":301,"column":21}},"301":{"start":{"line":302,"column":0},"end":{"line":302,"column":15}},"302":{"start":{"line":303,"column":0},"end":{"line":303,"column":50}},"303":{"start":{"line":304,"column":0},"end":{"line":304,"column":18}},"304":{"start":{"line":305,"column":0},"end":{"line":305,"column":24}},"305":{"start":{"line":306,"column":0},"end":{"line":306,"column":10}},"306":{"start":{"line":307,"column":0},"end":{"line":307,"column":0}},"307":{"start":{"line":308,"column":0},"end":{"line":308,"column":44}},"308":{"start":{"line":309,"column":0},"end":{"line":309,"column":8}},"309":{"start":{"line":310,"column":0},"end":{"line":310,"column":0}},"310":{"start":{"line":311,"column":0},"end":{"line":311,"column":19}},"311":{"start":{"line":312,"column":0},"end":{"line":312,"column":6}},"312":{"start":{"line":313,"column":0},"end":{"line":313,"column":0}},"313":{"start":{"line":314,"column":0},"end":{"line":314,"column":43}},"314":{"start":{"line":315,"column":0},"end":{"line":315,"column":26}},"315":{"start":{"line":316,"column":0},"end":{"line":316,"column":24}},"316":{"start":{"line":317,"column":0},"end":{"line":317,"column":0}},"317":{"start":{"line":318,"column":0},"end":{"line":318,"column":11}},"318":{"start":{"line":319,"column":0},"end":{"line":319,"column":41}},"319":{"start":{"line":320,"column":0},"end":{"line":320,"column":64}},"320":{"start":{"line":321,"column":0},"end":{"line":321,"column":27}},"321":{"start":{"line":322,"column":0},"end":{"line":322,"column":83}},"322":{"start":{"line":323,"column":0},"end":{"line":323,"column":9}},"323":{"start":{"line":324,"column":0},"end":{"line":324,"column":0}},"324":{"start":{"line":325,"column":0},"end":{"line":325,"column":42}},"325":{"start":{"line":326,"column":0},"end":{"line":326,"column":0}},"326":{"start":{"line":327,"column":0},"end":{"line":327,"column":27}},"327":{"start":{"line":328,"column":0},"end":{"line":328,"column":33}},"328":{"start":{"line":329,"column":0},"end":{"line":329,"column":16}},"329":{"start":{"line":330,"column":0},"end":{"line":330,"column":9}},"330":{"start":{"line":331,"column":0},"end":{"line":331,"column":0}},"331":{"start":{"line":332,"column":0},"end":{"line":332,"column":32}},"332":{"start":{"line":333,"column":0},"end":{"line":333,"column":43}},"333":{"start":{"line":334,"column":0},"end":{"line":334,"column":43}},"334":{"start":{"line":335,"column":0},"end":{"line":335,"column":49}},"335":{"start":{"line":336,"column":0},"end":{"line":336,"column":0}},"336":{"start":{"line":337,"column":0},"end":{"line":337,"column":27}},"337":{"start":{"line":338,"column":0},"end":{"line":338,"column":56}},"338":{"start":{"line":339,"column":0},"end":{"line":339,"column":21}},"339":{"start":{"line":340,"column":0},"end":{"line":340,"column":33}},"340":{"start":{"line":341,"column":0},"end":{"line":341,"column":57}},"341":{"start":{"line":342,"column":0},"end":{"line":342,"column":17}},"342":{"start":{"line":343,"column":0},"end":{"line":343,"column":29}},"343":{"start":{"line":344,"column":0},"end":{"line":344,"column":7}},"344":{"start":{"line":345,"column":0},"end":{"line":345,"column":5}},"345":{"start":{"line":346,"column":0},"end":{"line":346,"column":0}},"346":{"start":{"line":347,"column":0},"end":{"line":347,"column":39}},"347":{"start":{"line":348,"column":0},"end":{"line":348,"column":21}},"348":{"start":{"line":349,"column":0},"end":{"line":349,"column":27}},"349":{"start":{"line":350,"column":0},"end":{"line":350,"column":39}},"350":{"start":{"line":351,"column":0},"end":{"line":351,"column":7}},"351":{"start":{"line":352,"column":0},"end":{"line":352,"column":6}},"352":{"start":{"line":353,"column":0},"end":{"line":353,"column":0}},"353":{"start":{"line":354,"column":0},"end":{"line":354,"column":40}},"354":{"start":{"line":355,"column":0},"end":{"line":355,"column":57}},"355":{"start":{"line":356,"column":0},"end":{"line":356,"column":34}},"356":{"start":{"line":357,"column":0},"end":{"line":357,"column":24}},"357":{"start":{"line":358,"column":0},"end":{"line":358,"column":36}},"358":{"start":{"line":359,"column":0},"end":{"line":359,"column":7}},"359":{"start":{"line":360,"column":0},"end":{"line":360,"column":6}},"360":{"start":{"line":361,"column":0},"end":{"line":361,"column":0}},"361":{"start":{"line":362,"column":0},"end":{"line":362,"column":44}},"362":{"start":{"line":363,"column":0},"end":{"line":363,"column":11}},"363":{"start":{"line":364,"column":0},"end":{"line":364,"column":74}},"364":{"start":{"line":365,"column":0},"end":{"line":365,"column":23}},"365":{"start":{"line":366,"column":0},"end":{"line":366,"column":10}},"366":{"start":{"line":367,"column":0},"end":{"line":367,"column":0}},"367":{"start":{"line":368,"column":0},"end":{"line":368,"column":27}},"368":{"start":{"line":369,"column":0},"end":{"line":369,"column":50}},"369":{"start":{"line":370,"column":0},"end":{"line":370,"column":9}},"370":{"start":{"line":371,"column":0},"end":{"line":371,"column":0}},"371":{"start":{"line":372,"column":0},"end":{"line":372,"column":56}},"372":{"start":{"line":373,"column":0},"end":{"line":373,"column":29}},"373":{"start":{"line":374,"column":0},"end":{"line":374,"column":41}},"374":{"start":{"line":375,"column":0},"end":{"line":375,"column":9}},"375":{"start":{"line":376,"column":0},"end":{"line":376,"column":21}},"376":{"start":{"line":377,"column":0},"end":{"line":377,"column":50}},"377":{"start":{"line":378,"column":0},"end":{"line":378,"column":38}},"378":{"start":{"line":379,"column":0},"end":{"line":379,"column":7}},"379":{"start":{"line":380,"column":0},"end":{"line":380,"column":5}},"380":{"start":{"line":381,"column":0},"end":{"line":381,"column":0}},"381":{"start":{"line":382,"column":0},"end":{"line":382,"column":46}},"382":{"start":{"line":383,"column":0},"end":{"line":383,"column":69}},"383":{"start":{"line":384,"column":0},"end":{"line":384,"column":14}},"384":{"start":{"line":385,"column":0},"end":{"line":385,"column":7}},"385":{"start":{"line":386,"column":0},"end":{"line":386,"column":0}},"386":{"start":{"line":387,"column":0},"end":{"line":387,"column":11}},"387":{"start":{"line":388,"column":0},"end":{"line":388,"column":71}},"388":{"start":{"line":389,"column":0},"end":{"line":389,"column":23}},"389":{"start":{"line":390,"column":0},"end":{"line":390,"column":10}},"390":{"start":{"line":391,"column":0},"end":{"line":391,"column":0}},"391":{"start":{"line":392,"column":0},"end":{"line":392,"column":27}},"392":{"start":{"line":393,"column":0},"end":{"line":393,"column":52}},"393":{"start":{"line":394,"column":0},"end":{"line":394,"column":9}},"394":{"start":{"line":395,"column":0},"end":{"line":395,"column":0}},"395":{"start":{"line":396,"column":0},"end":{"line":396,"column":73}},"396":{"start":{"line":397,"column":0},"end":{"line":397,"column":0}},"397":{"start":{"line":398,"column":0},"end":{"line":398,"column":30}},"398":{"start":{"line":399,"column":0},"end":{"line":399,"column":29}},"399":{"start":{"line":400,"column":0},"end":{"line":400,"column":41}},"400":{"start":{"line":401,"column":0},"end":{"line":401,"column":9}},"401":{"start":{"line":402,"column":0},"end":{"line":402,"column":21}},"402":{"start":{"line":403,"column":0},"end":{"line":403,"column":53}},"403":{"start":{"line":404,"column":0},"end":{"line":404,"column":40}},"404":{"start":{"line":405,"column":0},"end":{"line":405,"column":7}},"405":{"start":{"line":406,"column":0},"end":{"line":406,"column":5}},"406":{"start":{"line":407,"column":0},"end":{"line":407,"column":0}},"407":{"start":{"line":408,"column":0},"end":{"line":408,"column":38}},"408":{"start":{"line":409,"column":0},"end":{"line":409,"column":44}},"409":{"start":{"line":410,"column":0},"end":{"line":410,"column":46}},"410":{"start":{"line":411,"column":0},"end":{"line":411,"column":14}},"411":{"start":{"line":412,"column":0},"end":{"line":412,"column":7}},"412":{"start":{"line":413,"column":0},"end":{"line":413,"column":0}},"413":{"start":{"line":414,"column":0},"end":{"line":414,"column":42}},"414":{"start":{"line":415,"column":0},"end":{"line":415,"column":47}},"415":{"start":{"line":416,"column":0},"end":{"line":416,"column":14}},"416":{"start":{"line":417,"column":0},"end":{"line":417,"column":7}},"417":{"start":{"line":418,"column":0},"end":{"line":418,"column":0}},"418":{"start":{"line":419,"column":0},"end":{"line":419,"column":88}},"419":{"start":{"line":420,"column":0},"end":{"line":420,"column":44}},"420":{"start":{"line":421,"column":0},"end":{"line":421,"column":69}},"421":{"start":{"line":422,"column":0},"end":{"line":422,"column":14}},"422":{"start":{"line":423,"column":0},"end":{"line":423,"column":7}},"423":{"start":{"line":424,"column":0},"end":{"line":424,"column":0}},"424":{"start":{"line":425,"column":0},"end":{"line":425,"column":35}},"425":{"start":{"line":426,"column":0},"end":{"line":426,"column":0}},"426":{"start":{"line":427,"column":0},"end":{"line":427,"column":11}},"427":{"start":{"line":428,"column":0},"end":{"line":428,"column":39}},"428":{"start":{"line":429,"column":0},"end":{"line":429,"column":62}},"429":{"start":{"line":430,"column":0},"end":{"line":430,"column":0}},"430":{"start":{"line":431,"column":0},"end":{"line":431,"column":37}},"431":{"start":{"line":432,"column":0},"end":{"line":432,"column":104}},"432":{"start":{"line":433,"column":0},"end":{"line":433,"column":11}},"433":{"start":{"line":434,"column":0},"end":{"line":434,"column":27}},"434":{"start":{"line":435,"column":0},"end":{"line":435,"column":26}},"435":{"start":{"line":436,"column":0},"end":{"line":436,"column":11}},"436":{"start":{"line":437,"column":0},"end":{"line":437,"column":9}},"437":{"start":{"line":438,"column":0},"end":{"line":438,"column":0}},"438":{"start":{"line":439,"column":0},"end":{"line":439,"column":27}},"439":{"start":{"line":440,"column":0},"end":{"line":440,"column":49}},"440":{"start":{"line":441,"column":0},"end":{"line":441,"column":71}},"441":{"start":{"line":442,"column":0},"end":{"line":442,"column":9}},"442":{"start":{"line":443,"column":0},"end":{"line":443,"column":0}},"443":{"start":{"line":444,"column":0},"end":{"line":444,"column":47}},"444":{"start":{"line":445,"column":0},"end":{"line":445,"column":0}},"445":{"start":{"line":446,"column":0},"end":{"line":446,"column":21}},"446":{"start":{"line":447,"column":0},"end":{"line":447,"column":27}},"447":{"start":{"line":448,"column":0},"end":{"line":448,"column":42}},"448":{"start":{"line":449,"column":0},"end":{"line":449,"column":20}},"449":{"start":{"line":450,"column":0},"end":{"line":450,"column":21}},"450":{"start":{"line":451,"column":0},"end":{"line":451,"column":9}},"451":{"start":{"line":452,"column":0},"end":{"line":452,"column":36}}
[...]
{"start":{"line":205,"column":0},"end":{"line":205,"column":32}},"205":{"start":{"line":206,"column":0},"end":{"line":206,"column":54}},"206":{"start":{"line":207,"column":0},"end":{"line":207,"column":66}},"207":{"start":{"line":208,"column":0},"end":{"line":208,"column":25}},"208":{"start":{"line":209,"column":0},"end":{"line":209,"column":7}},"209":{"start":{"line":210,"column":0},"end":{"line":210,"column":5}},"210":{"start":{"line":211,"column":0},"end":{"line":211,"column":0}},"211":{"start":{"line":212,"column":0},"end":{"line":212,"column":43}},"212":{"start":{"line":213,"column":0},"end":{"line":213,"column":37}},"213":{"start":{"line":214,"column":0},"end":{"line":214,"column":38}},"214":{"start":{"line":215,"column":0},"end":{"line":215,"column":20}},"215":{"start":{"line":216,"column":0},"end":{"line":216,"column":5}},"216":{"start":{"line":217,"column":0},"end":{"line":217,"column":0}},"217":{"start":{"line":218,"column":0},"end":{"line":218,"column":36}},"218":{"start":{"line":219,"column":0},"end":{"line":219,"column":49}},"219":{"start":{"line":220,"column":0},"end":{"line":220,"column":24}},"220":{"start":{"line":221,"column":0},"end":{"line":221,"column":40}},"221":{"start":{"line":222,"column":0},"end":{"line":222,"column":13}},"222":{"start":{"line":223,"column":0},"end":{"line":223,"column":5}},"223":{"start":{"line":224,"column":0},"end":{"line":224,"column":0}},"224":{"start":{"line":225,"column":0},"end":{"line":225,"column":31}},"225":{"start":{"line":226,"column":0},"end":{"line":226,"column":28}},"226":{"start":{"line":227,"column":0},"end":{"line":227,"column":27}},"227":{"start":{"line":228,"column":0},"end":{"line":228,"column":28}},"228":{"start":{"line":229,"column":0},"end":{"line":229,"column":24}},"229":{"start":{"line":230,"column":0},"end":{"line":230,"column":32}},"230":{"start":{"line":231,"column":0},"end":{"line":231,"column":5}},"231":{"start":{"line":232,"column":0},"end":{"line":232,"column":0}},"232":{"start":{"line":233,"column":0},"end":{"line":233,"column":31}},"233":{"start":{"line":234,"column":0},"end":{"line":234,"column":27}},"234":{"start":{"line":235,"column":0},"end":{"line":235,"column":26}},"235":{"start":{"line":236,"column":0},"end":{"line":236,"column":0}},"236":{"start":{"line":237,"column":0},"end":{"line":237,"column":38}},"237":{"start":{"line":238,"column":0},"end":{"line":238,"column":44}},"238":{"start":{"line":239,"column":0},"end":{"line":239,"column":0}},"239":{"start":{"line":240,"column":0},"end":{"line":240,"column":24}},"240":{"start":{"line":241,"column":0},"end":{"line":241,"column":39}},"241":{"start":{"line":242,"column":0},"end":{"line":242,"column":7}},"242":{"start":{"line":243,"column":0},"end":{"line":243,"column":0}},"243":{"start":{"line":244,"column":0},"end":{"line":244,"column":23}},"244":{"start":{"line":245,"column":0},"end":{"line":245,"column":38}},"245":{"start":{"line":246,"column":0},"end":{"line":246,"column":33}},"246":{"start":{"line":247,"column":0},"end":{"line":247,"column":31}},"247":{"start":{"line":248,"column":0},"end":{"line":248,"column":25}},"248":{"start":{"line":249,"column":0},"end":{"line":249,"column":7}},"249":{"start":{"line":250,"column":0},"end":{"line":250,"column":6}},"250":{"start":{"line":251,"column":0},"end":{"line":251,"column":0}},"251":{"start":{"line":252,"column":0},"end":{"line":252,"column":12}},"252":{"start":{"line":253,"column":0},"end":{"line":253,"column":18}},"253":{"start":{"line":254,"column":0},"end":{"line":254,"column":17}},"254":{"start":{"line":255,"column":0},"end":{"line":255,"column":22}},"255":{"start":{"line":256,"column":0},"end":{"line":256,"column":22}},"256":{"start":{"line":257,"column":0},"end":{"line":257,"column":18}},"257":{"start":{"line":258,"column":0},"end":{"line":258,"column":25}},"258":{"start":{"line":259,"column":0},"end":{"line":259,"column":14}},"259":{"start":{"line":260,"column":0},"end":{"line":260,"column":12}},"260":{"start":{"line":261,"column":0},"end":{"line":261,"column":19}},"261":{"start":{"line":262,"column":0},"end":{"line":262,"column":19}},"262":{"start":{"line":263,"column":0},"end":{"line":263,"column":19}},"263":{"start":{"line":264,"column":0},"end":{"line":264,"column":23}},"264":{"start":{"line":265,"column":0},"end":{"line":265,"column":17}},"265":{"start":{"line":266,"column":0},"end":{"line":266,"column":5}},"266":{"start":{"line":267,"column":0},"end":{"line":267,"column":3}},"267":{"start":{"line":268,"column":0},"end":{"line":268,"column":1}},"268":{"start":{"line":269,"column":0},"end":{"line":269,"column":9}},"269":{"start":{"line":270,"column":0},"end":{"line":270,"column":0}},"270":{"start":{"line":271,"column":0},"end":{"line":271,"column":14}},"271":{"start":{"line":272,"column":0},"end":{"line":272,"column":19}},"272":{"start":{"line":273,"column":0},"end":{"line":273,"column":19}},"273":{"start":{"line":274,"column":0},"end":{"line":274,"column":17}},"274":{"start":{"line":275,"column":0},"end":{"line":275,"column":1}},"275":{"start":{"line":276,"column":0},"end":{"line":276,"column":0}},"276":{"start":{"line":277,"column":0},"end":{"line":277,"column":4}},"277":{"start":{"line":278,"column":0},"end":{"line":278,"column":20}},"278":{"start":{"line":279,"column":0},"end":{"line":279,"column":19}},"279":{"start":{"line":280,"column":0},"end":{"line":280,"column":17}},"280":{"start":{"line":281,"column":0},"end":{"line":281,"column":22}},"281":{"start":{"line":282,"column":0},"end":{"line":282,"column":21}},"282":{"start":{"line":283,"column":0},"end":{"line":283,"column":1}},"283":{"start":{"line":284,"column":0},"end":{"line":284,"column":0}},"284":{"start":{"line":285,"column":0},"end":{"line":285,"column":13}},"285":{"start":{"line":286,"column":0},"end":{"line":286,"column":21}},"286":{"start":{"line":287,"column":0},"end":{"line":287,"column":24}},"287":{"start":{"line":288,"column":0},"end":{"line":288,"column":1}},"288":{"start":{"line":289,"column":0},"end":{"line":289,"column":0}},"289":{"start":{"line":290,"column":0},"end":{"line":290,"column":15}},"290":{"start":{"line":291,"column":0},"end":{"line":291,"column":22}},"291":{"start":{"line":292,"column":0},"end":{"line":292,"column":1}},"292":{"start":{"line":293,"column":0},"end":{"line":293,"column":0}},"293":{"start":{"line":294,"column":0},"end":{"line":294,"column":15}},"294":{"start":{"line":295,"column":0},"end":{"line":295,"column":21}},"295":{"start":{"line":296,"column":0},"end":{"line":296,"column":14}},"296":{"start":{"line":297,"column":0},"end":{"line":297,"column":11}},"297":{"start":{"line":298,"column":0},"end":{"line":298,"column":30}},"298":{"start":{"line":299,"column":0},"end":{"line":299,"column":19}},"299":{"start":{"line":300,"column":0},"end":{"line":300,"column":15}},"300":{"start":{"line":301,"column":0},"end":{"line":301,"column":17}},"301":{"start":{"line":302,"column":0},"end":{"line":302,"column":20}},"302":{"start":{"line":303,"column":0},"end":{"line":303,"column":18}},"303":{"start":{"line":304,"column":0},"end":{"line":304,"column":18}},"304":{"start":{"line":305,"column":0},"end":{"line":305,"column":17}},"305":{"start":{"line":306,"column":0},"end":{"line":306,"column":25}},"306":{"start":{"line":307,"column":0},"end":{"line":307,"column":1}},"307":{"start":{"line":308,"column":0},"end":{"line":308,"column":0}},"308":{"start":{"line":309,"column":0},"end":{"line":309,"column":21}},"309":{"start":{"line":310,"column":0},"end":{"line":310,"column":17}},"310":{"start":{"line":311,"column":0},"end":{"line":311,"column":1}},"311":{"start":{"line":312,"column":0},"end":{"line":312,"column":0}},"312":{"start":{"line":313,"column":0},"end":{"line":313,"column":10}},"313":{"start":{"line":314,"column":0},"end":{"line":314,"column":22}},"314":{"start":{"line":315,"column":0},"end":{"line":315,"column":19}},"315":{"start":{"line":316,"column":0},"end":{"line":316,"column":20}},"316":{"start":{"line":317,"column":0},"end":{"line":317,"column":22}},"317":{"start":{"line":318,"column":0},"end":{"line":318,"column":28}},"318":{"start":{"line":319,"column":0},"end":{"line":319,"column":1}},"319":{"start":{"line":320,"column":0},"end":{"line":320,"column":0}},"320":{"start":{"line":321,"column":0},"end":{"line":321,"column":15}},"321":{"start":{"line":322,"column":0},"end":{"line":322,"column":16}},"322":{"start":{"line":323,"column":0},"end":{"line":323,"column":25}},"323":{"start":{"line":324,"column":0},"end":{"line":324,"column":14}},"324":{"start":{"line":325,"column":0},"end":{"line":325,"column":14}},"325":{"start":{"line":326,"column":0},"end":{"line":326,"column":1}},"326":{"start":{"line":327,"column":0},"end":{"line":327,"column":0}},"327":{"start":{"line":328,"column":0},"end":{"line":328,"column":21}},"328":{"start":{"line":329,"column":0},"end":{"line":329,"column":22}},"329":{"start":{"line":330,"column":0},"end":{"line":330,"column":19}},"330":{"start":{"line":331,"column":0},"end":{"line":331,"column":17}},"331":{"start":{"line":332,"column":0},"end":{"line":332,"column":1}},"332":{"start":{"line":333,"column":0},"end":{"line":333,"column":0}},"333":{"start":{"line":334,"column":0},"end":{"line":334,"column":15}},"334":{"start":{"line":335,"column":0},"end":{"line":335,"column":15}},"335":{"start":{"line":336,"column":0},"end":{"line":336,"column":29}},"336":{"start":{"line":337,"column":0},"end":{"line":337,"column":28}},"337":{"start":{"line":338,"column":0},"end":{"line":338,"column":21}},"338":{"start":{"line":339,"column":0},"end":{"line":339,"column":21}},"339":{"start":{"line":340,"column":0},"end":{"line":340,"column":20}},"340":{"start":{"line":341,"column":0},"end":{"line":341,"column":49}},"341":{"start":{"line":342,"column":0},"end":{"line":342,"column":14}},"342":{"start":{"line":343,"column":0},"end":{"line":343,"column":25}},"343":{"start":{"line":344,"column":0},"end":{"line":344,"column":1}},"344":{"start":{"line":345,"column":0},"end":{"line":345,"column":0}},"345":{"start":{"line":346,"column":0},"end":{"line":346,"column":21}},"346":{"start":{"line":347,"column":0},"end":{"line":347,"column":21}},"347":{"start":{"line":348,"column":0},"end":{"line":348,"column":16}},"348":{"start":{"line":349,"column":0},"end":{"line":349,"column":24}},"349":{"start":{"line":350,"column":0},"end":{"line":350,"column":48}},"350":{"start":{"line":351,"column":0},"end":{"line":351,"column":1}},"351":{"start":{"line":352,"column":0},"end":{"line":352,"column":0}},"352":{"start":{"line":353,"column":0},"end":{"line":353,"column":8}},"353":{"start":{"line":354,"column":0},"end":{"line":354,"column":21}},"354":{"start":{"line":355,"column":0},"end":{"line":355,"column":1}},"355":{"start":{"line":356,"column":0},"end":{"line":356,"column":0}},"356":{"start":{"line":357,"column":0},"end":{"line":357,"column":13}},"357":{"start":{"line":358,"column":0},"end":{"line":358,"column":21}},"358":{"start":{"line":359,"column":0},"end":{"line":359,"column":16}},"359":{"start":{"line":360,"column":0},"end":{"line":360,"column":17}},"360":{"start":{"line":361,"column":0},"end":{"line":361,"column":22}},"361":{"start":{"line":362,"column":0},"end":{"line":362,"column":1}},"362":{"start":{"line":363,"column":0},"end":{"line":363,"column":0}},"363":{"start":{"line":364,"column":0},"end":{"line":364,"column":16}},"364":{"start":{"line":365,"column":0},"end":{"line":365,"column":21}},"365":{"start":{"line":366,"column":0},"end":{"line":366,"column":21}},"366":{"start":{"line":367,"column":0},"end":{"line":367,"column":17}},"367":{"start":{"line":368,"column":0},"end":{"line":368,"column":22}},"368":{"start":{"line":369,"column":0},"end":{"line":369,"column":1}},"369":{"start":{"line":370,"column":0},"end":{"line":370,"column":0}},"370":{"start":{"line":371,"column":0},"end":{"line":371,"column":16}},"371":{"start":{"line":372,"column":0},"end":{"line":372,"column":17}},"372":{"start":{"line":373,"column":0},"end":{"line":373,"column":22}},"373":{"start":{"line":374,"column":0},"end":{"line":374,"column":22}},"374":{"start":{"line":375,"column":0},"end":{"line":375,"column":1}},"375":{"start":{"line":376,"column":0},"end":{"line":376,"column":0}},"376":{"start":{"line":377,"column":0},"end":{"line":377,"column":17}},"377":{"start":{"line":378,"column":0},"end":{"line":378,"column":17}},"378":{"start":{"line":379,"column":0},"end":{"line":379,"column":20}},"379":{"start":{"line":380,"column":0},"end":{"line":380,"column":1}},"380":{"start":{"line":381,"column":0},"end":{"line":381,"column":0}},"381":{"start":{"line":382,"column":0},"end":{"line":382,"column":15}},"382":{"start":{"line":383,"column":0},"end":{"line":383,"column":16}},"383":{"start":{"line":384,"column":0},"end":{"line":384,"column":25}},"384":{"start":{"line":385,"column":0},"end":{"line":385,"column":12}},"385":{"start":{"line":386,"column":0},"end":{"line":386,"column":1}},"386":{"start":{"line":387,"column":0},"end":{"line":387,"column":0}},"387":{"start":{"line":388,"column":0},"end":{"line":388,"column":14}},"388":{"start":{"line":389,"column":0},"end":{"line":389,"column":17}},"389":{"start":{"line":390,"column":0},"end":{"line":390,"column":20}},"390":{"start":{"line":391,"column":0},"end":{"line":391,"column":28}},"391":{"start":{"line":392,"column":0},"end":{"line":392,"column":22}},"392":{"start":{"line":393,"column":0},"end":{"line":393,"column":18}},"393":{"start":{"line":394,"column":0},"end":{"line":394,"column":24}},"394":{"start":{"line":395,"column":0},"end":{"line":395,"column":23}},"395":{"start":{"line":396,"column":0},"end":{"line":396,"column":1}},"396":{"start":{"line":397,"column":0},"end":{"line":397,"column":0}},"397":{"start":{"line":398,"column":0},"end":{"line":398,"column":20}},"398":{"start":{"line":399,"column":0},"end":{"line":399,"column":24}},"399":{"start":{"line":400,"column":0},"end":{"line":400,"column":44}},"400":{"start":{"line":401,"column":0},"end":{"line":401,"column":30}},"401":{"start":{"line":402,"column":0},"end":{"line":402,"column":1}},"402":{"start":{"line":403,"column":0},"end":{"line":403,"column":0}},"403":{"start":{"line":404,"column":0},"end":{"line":404,"column":14}},"404":{"start":{"line":405,"column":0},"end":{"line":405,"column":22}},"405":{"start":{"line":406,"column":0},"end":{"line":406,"column":19}},"406":{"start":{"line":407,"column":0},"end":{"line":407,"column":17}},"407":{"start":{"line":408,"column":0},"end":{"line":408,"column":24}},"408":{"start":{"line":409,"column":0},"end":{"line":409,"column":25}},"409":{"start":{"line":410,"column":0},"end":{"line":410,"column":1}},"410":{"start":{"line":411,"column":0},"end":{"line":411,"column":0}},"411":{"start":{"line":412,"column":0},"end":{"line":412,"column":14}},"412":{"start":{"line":413,"column":0},"end":{"line":413,"column":21}},"413":{"start":{"line":414,"column":0},"end":{"line":414,"column":19}},"414":{"start":{"line":415,"column":0},"end":{"line":415,"column":17}},"415":{"start":{"line":416,"column":0},"end":{"line":416,"column":24}},"416":{"start":{"line":417,"column":0},"end":{"line":417,"column":1}},"417":{"start":{"line":418,"column":0},"end":{"line":418,"column":0}},"418":{"start":{"line":419,"column":0},"end":{"line":419,"column":14}},"419":{"start":{"line":420,"column":0},"end":{"line":420,"column":16}},"420":{"start":{"line":421,"column":0},"end":{"line":421,"column":12}},"421":{"start":{"line":422,"column":0},"end":{"line":422,"column":22}},"422":{"start":{"line":423,"column":0},"end":{"line":423,"column":18}},"423":{"start":{"line":424,"column":0},"end":{"line":424,"column":1}},"424":{"start":{"line":425,"column":0},"end":{"line":425,"column":0}},"425":{"start":{"line":426,"column":0},"end":{"line":426,"column":17}},"426":{"start":{"line":427,"column":0},"end":{"line":427,"column":22}},"427":{"start":{"line":428,"column":0},"end":{"line":428,"column":17}},"428":{"start":{"line":429,"column":0},"end":{"line":429,"column":1}},"429":{"start":{"line":430,"column":0},"end":{"line":430,"column":0}},"430":{"start":{"line":431,"column":0},"end":{"line":431,"column":19}},"431":{"start":{"line":432,"column":0},"end":{"line":432,"column":22}},"432":{"start":{"line":433,"column":0},"end":{"line":433,"column":17}},"433":{"start":{"line":434,"column":0},"end":{"line":434,"column":21}},"434":{"start":{"line":435,"column":0},"end":{"line":435,"column":1}},"435":{"start":{"line":436,"column":0},"end":{"line":436,"column":8}}},"s":{"0":1,"1":1,"2":1,"3":1,"4":1,"5":1,"6":1,"7":1,"8":1,"9":1,"10":1,"11":1,"12":1,"13":1,"14":1,"15":1,"16":1,"17":1,"18":1,"19":1,"20":1,"21":1,"22":1,"23":1,"24":1,"25":1,"26":1,"27":1,"28":1,"29":1,"30":1,"31":1,"32":1,"33":1,"34":1,"35":1,"36":1,"37":1,"38":1,"39":1,"40":1,"41":1,"42":1,"43":1,"44":1,"45":1,"46":1,"47":1,"48":1,"49":1,"50":1,"51":1,"52":1,"53":1,"54":1,"55":1,"56":1,"57":1,"58":1,"59":1,"60":1,"61":1,"62":1,"63":1,"64":1,"65":1,"66":1,"67":1,"68":1,"69":1,"70":1,"71":1,"72":1,"73":1,"74":1,"75":1,"76":1,"77":1,"78":1,"79":1,"80":1,"81":1,"82":1,"83":1,"84":1,"85":1,"86":1,"87":1,"88":1,"89":1,"90":1,"91":1,"92":1,"93":1,"94":1,"95":1,"96":1,"97":1,"98":1,"99":1,"100":1,"101":1,"102":1,"103":1,"104":1,"105":1,"106":1,"107":1,"108":1,"109":0,"110":0,"111":0,"112":0,"113":0,"114":0,"115":0,"116":0,"117":0,"118":0,"119":0,"120":0,"121":0,"122":0,"123":0,"124":0,"125":0,"126":0,"127":0,"128":0,"129":0,"130":0,"131":0,"132":0,"133":0,"134":0,"135":0,"136":0,"137":0,"138":0,"139":0,"140":0,"141":0,"142":0,"143":0,"144":0,"145":0,"146":0,"147":0,"148":0,"149":0,"150":0,"151":0,"152":0,"153":0,"154":0,"155":0,"156":0,"157":0,"158":0,"159":0,"160":0,"161":0,"162":0,"163":0,"164":0,"165":0,"166":0,"167":0,"168":0,"169":0,"170":0,"171":0,"172":0,"173":0,"174":0,"175":0,"176":0,"177":0,"178":0,"179":0,"180":0,"181":0,"182":0,"183":0,"184":0,"185":0,"186":0,"187":0,"188":0,"189":0,"190":0,"191":0,"192":0,"193":0,"194":0,"195":0,"196":0,"197":0,"198":0,"199":0,"200":0,"201":0,"202":0,"203":0,"204":0,"205":0,"206":0,"207":0,"208":0,"209":0,"210":0,"211":0,"212":0,"213":0,"214":0,"215":0,"216":0,"217":0,"218":0,"219":0,"220":0,"221":0,"222":0,"223":0,"224":0,"225":0,"226":0,"227":0,"228":0,"229":0,"230":0,"231":0,"232":0,"233":0,"234":0,"235":0,"236":0,"237":0,"238":0,"239":0,"240":0,"241":0,"242":0,"243":0,"244":0,"245":0,"246":0,"247":0,"248":0,"249":0,"250":0,"251":0,"252":0,"253":0,"254":0,"255":0,"256":0,"257":0,"258":0,"259":0,"260":0,"261":0,"262":0,"263":0,"264":0,"265":0,"266":0,"267":1,"268":1,"269":1,"270":1,"271":1,"272":1,"273":1,"274":1,"275":1,"276":1,"277":1,"278":1,"279":1,"280":1,"281":1,"282":1,"283":1,"284":1,"285":1,"286":1,"287":1,"288":1,"289":1,"290":1,"291":1,"292":1,"293":1,"294":1,"295":1,"296":1,"297":1,"298":1,"299":1,"300":1,"301":1,"302":1,"303":1,"304":1,"305":1,"306":1,"307":1,"308":1,"309":1,"310":1,"311":1,"312":1,"313":1,"314":1,"315":1,"316":1,"317":1,"318":1,"319":1,"320":1,"321":1,"322":1,"323":1,"324":1,"325":1,"326":1,"327":1,"328":1,"329":1,"330":1,"331":1,"332":1,"333":1,"334":1,"335":1,"336":1,"337":1,"338":1,"339":1,"340":1,"341":1,"342":1,"343":1,"344":1,"345":1,"346":1,"347":1,"348":1,"349":1,"350":1,"351":1,"352":1,"353":1,"354":1,"355":1,"356":1,"357":1,"358":1,"359":1,"360":1,"361":1,"362":1,"363":1,"364":1,"365":1,"366":1,"367":1,"368":1,"369":1,"370":1,"371":1,"372":1,"373":1,"374":1,"375":1,"376":1,"377":1,"378":1,"379":1,"380":1,"381":1,"382":1,"383":1,"384":1,"385":1,"386":1,"387":1,"388":1,"389":1,"390":1,"391":1,"392":1,"393":1,"394":1,"395":1,"396":1,"397":1,"398":1,"399":1,"400":1,"401":1,"402":1,"403":1,"404":1,"405":1,"406":1,"407":1,"408":1,"409":1,"410":1,"411":1,"412":1,"413":1,"414":1,"415":1,"416":1,"417":1,"418":1,"419":1,"420":1,"421":1,"422":1,"423":1,"424":1,"425":1,"426":1,"427":1,"428":1,"429":1,"430":1,"431":1,"432":1,"433":1,"434":1,"435":1},"branchMap":{},"b":{},"fnMap":{"0":{"name":"setup","decl":{"start":{"line":109,"column":2},"end":{"line":267,"column":3}},"loc":{"start":{"line":109,"column":2},"end":{"line":267,"column":3}},"line":109}},"f":{"0":0}}
}
